2023.12.16 21:34:27 INFO  Started: Metals version 1.2.0 in folders '/home/sliwek/Programowanie/sem3/PP_c/lista6' for client Visual Studio Code 1.85.0.
2023.12.16 21:34:28 WARN  scala-cli >= 0.1.3 not found in PATH, fetching and starting a JVM-based Scala CLI
2023.12.16 21:34:32 INFO  Running List(/home/sliwek/.jabba/jdk/openjdk@1.17.0/bin/java, -cp, /home/sliwek/.cache/coursier/v1/https/repo1.maven.org/maven2/org/virtuslab/scala-cli/cli_3/1.1.0/cli_3-1.1.0.jar:/home/sliwek/.cache/coursier/v1/https/repo1.maven.org/maven2/com/github/alexarchambault/case-app_3/2.1.0-M26/case-app_3-2.1.0-M26.jar:/home/sliwek/.cache/coursier/v1/https/repo1.maven.org/maven2/io/get-coursier/coursier-launcher_2.13/2.1.8/coursier-launcher_2.13-2.1.8.jar:/home/sliwek/.cache/coursier/v1/https/repo1.maven.org/maven2/io/get-coursier/coursier-proxy-setup/2.1.8/coursier-proxy-setup-2.1.8.jar:/home/sliwek/.cache/coursier/v1/https/repo1.maven.org/maven2/io/get-coursier/publish/publish_2.13/0.1.6/publish_2.13-0.1.6.jar:/home/sliwek/.cache/coursier/v1/https/repo1.maven.org/maven2/com/google/jimfs/jimfs/1.3.0/jimfs-1.3.0.jar:/home/sliwek/.cache/coursier/v1/https/repo1.maven.org/maven2/io/get-coursier/jniutils/windows-jni-utils/0.3.3/windows-jni-utils-0.3.3.jar:/home/sliwek/.cache/coursier/v1/https/repo1.maven.org/maven2/com/github/plokhotnyuk/jsoniter-scala/jsoniter-scala-core_3/2.13.5.2/jsoniter-scala-core_3-2.13.5.2.jar:/home/sliwek/.cache/coursier/v1/https/repo1.maven.org/maven2/org/virtuslab/scala-cli/libsodiumjni/0.0.3/libsodiumjni-0.0.3.jar:/home/sliwek/.cache/coursier/v1/https/repo1.maven.org/maven2/com/geirsson/metaconfig-typesafe-config_3/0.12.0/metaconfig-typesafe-config_3-0.12.0.jar:/home/sliwek/.cache/coursier/v1/https/repo1.maven.org/maven2/ai/kien/python-native-libs_3/0.2.4/python-native-libs_3-0.2.4.jar:/home/sliwek/.cache/coursier/v1/https/repo1.maven.org/maven2/org/virtuslab/scala-packager_2.13/0.1.29/scala-packager_2.13-0.1.29.jar:/home/sliwek/.cache/coursier/v1/https/repo1.maven.org/maven2/org/virtuslab/scala-cli-signing/cli_3/0.2.3/cli_3-0.2.3.jar:/home/sliwek/.cache/coursier/v1/https/repo1.maven.org/maven2/org/slf4j/slf4j-nop/2.0.9/slf4j-nop-2.0.9.jar:/home/sliwek/.cache/coursier/v1/https/repo1.maven.org/maven2/com/softwaremill/sttp/client3/core_2.13/3.9.1/core_2.13-3.9.1.jar:/home/sliwek/.cache/coursier/v1/https/repo1.maven.org/maven2/org/scala-lang/scala3-library_3/3.3.1/scala3-library_3-3.3.1.jar:/home/sliwek/.cache/coursier/v1/https/repo1.maven.org/maven2/org/virtuslab/scala-cli/build-module_3/1.1.0/build-module_3-1.1.0.jar:/home/sliwek/.cache/coursier/v1/https/repo1.maven.org/maven2/org/virtuslab/scala-cli/config_3/1.1.0/config_3-1.1.0.jar:/home/sliwek/.cache/coursier/v1/https/repo1.maven.org/maven2/org/virtuslab/scala-cli/scala3-graal_3/1.1.0/scala3-graal_3-1.1.0.jar:/home/sliwek/.cache/coursier/v1/https/repo1.maven.org/maven2/org/virtuslab/scala-cli/specification-level_3/1.1.0/specification-level_3-1.1.0.jar:/home/sliwek/.cache/coursier/v1/https/repo1.maven.org/maven2/com/github/alexarchambault/case-app-annotations_3/2.1.0-M26/case-app-annotations_3-2.1.0-M26.jar:/home/sliwek/.cache/coursier/v1/https/repo1.maven.org/maven2/com/github/alexarchambault/case-app-util_3/2.1.0-M26/case-app-util_3-2.1.0-M26.jar:/home/sliwek/.cache/coursier/v1/https/repo1.maven.org/maven2/com/lihaoyi/sourcecode_3/0.3.1/sourcecode_3-0.3.1.jar:/home/sliwek/.cache/coursier/v1/https/repo1.maven.org/maven2/io/github/alexarchambault/scala-cli/tmp/zip-input-stream/0.1.1/zip-input-stream-0.1.1.jar:/home/sliwek/.cache/coursier/v1/https/repo1.maven.org/maven2/org/scala-lang/scala-library/2.13.12/scala-library-2.13.12.jar:/home/sliwek/.cache/coursier/v1/https/repo1.maven.org/maven2/io/get-coursier/coursier-cache_2.13/2.1.8/coursier-cache_2.13-2.1.8.jar:/home/sliwek/.cache/coursier/v1/https/repo1.maven.org/maven2/io/get-coursier/coursier-core_2.13/2.1.8/coursier-core_2.13-2.1.8.jar:/home/sliwek/.cache/coursier/v1/https/repo1.maven.org/maven2/com/google/guava/guava/32.1.3-jre/guava-32.1.3-jre.jar:/home/sliwek/.cache/coursier/v1/https/repo1.maven.org/maven2/net/java/dev/jna/jna/5.12.1/jna-5.12.1.jar:/home/sliwek/.cache/coursier/v1/https/repo1.maven.org/maven2/net/java/dev/jna/jna-platform/5.12.1/jna-platform-5.12.1.jar:/home/sliwek/.cache/coursier/v1/https/repo1.maven.org/maven2/com/geirsson/metaconfig-core_3/0.12.0/metaconfig-core_3-0.12.0.jar:/home/sliwek/.cache/coursier/v1/https/repo1.maven.org/maven2/com/typesafe/config/1.4.1/config-1.4.1.jar:/home/sliwek/.cache/coursier/v1/https/repo1.maven.org/maven2/org/scala-lang/modules/scala-collection-compat_3/2.11.0/scala-collection-compat_3-2.11.0.jar:/home/sliwek/.cache/coursier/v1/https/repo1.maven.org/maven2/commons-io/commons-io/2.15.0/commons-io-2.15.0.jar:/home/sliwek/.cache/coursier/v1/https/repo1.maven.org/maven2/com/google/cloud/tools/jib-core/0.22.0/jib-core-0.22.0.jar:/home/sliwek/.cache/coursier/v1/https/repo1.maven.org/maven2/org/bouncycastle/bcpg-jdk18on/1.76/bcpg-jdk18on-1.76.jar:/home/sliwek/.cache/coursier/v1/https/repo1.maven.org/maven2/org/virtuslab/scala-cli-signing/shared_3/0.2.3/shared_3-0.2.3.jar:/home/sliwek/.cache/coursier/v1/https/repo1.maven.org/maven2/org/slf4j/slf4j-api/2.0.9/slf4j-api-2.0.9.jar:/home/sliwek/.cache/coursier/v1/https/repo1.maven.org/maven2/com/softwaremill/sttp/model/core_2.13/1.6.0/core_2.13-1.6.0.jar:/home/sliwek/.cache/coursier/v1/https/repo1.maven.org/maven2/com/softwaremill/sttp/shared/core_2.13/1.3.16/core_2.13-1.3.16.jar:/home/sliwek/.cache/coursier/v1/https/repo1.maven.org/maven2/com/softwaremill/sttp/shared/ws_2.13/1.3.16/ws_2.13-1.3.16.jar:/home/sliwek/.cache/coursier/v1/https/repo1.maven.org/maven2/org/ow2/asm/asm/9.6/asm-9.6.jar:/home/sliwek/.cache/coursier/v1/https/repo1.maven.org/maven2/org/virtuslab/scala-cli/java-class-name/java-class-name_3/0.1.3/java-class-name_3-0.1.3.jar:/home/sliwek/.cache/coursier/v1/https/repo1.maven.org/maven2/org/scalameta/trees_2.13/4.8.14/trees_2.13-4.8.14.jar:/home/sliwek/.cache/coursier/v1/https/repo1.maven.org/maven2/org/scala-native/test-runner_3/0.4.16/test-runner_3-0.4.16.jar:/home/sliwek/.cache/coursier/v1/https/repo1.maven.org/maven2/com/lihaoyi/os-lib_3/0.9.2/os-lib_3-0.9.2.jar:/home/sliwek/.cache/coursier/v1/https/repo1.maven.org/maven2/com/lihaoyi/pprint_3/0.8.1/pprint_3-0.8.1.jar:/home/sliwek/.cache/coursier/v1/https/repo1.maven.org/maven2/org/scala-js/scalajs-env-nodejs_2.13/1.4.0/scalajs-env-nodejs_2.13-1.4.0.jar:/home/sliwek/.cache/coursier/v1/https/repo1.maven.org/maven2/org/scala-js/scalajs-sbt-test-adapter_2.13/1.14.0/scalajs-sbt-test-adapter_2.13-1.14.0.jar:/home/sliwek/.cache/coursier/v1/https/repo1.maven.org/maven2/com/swoval/file-tree-views/2.1.12/file-tree-views-2.1.12.jar:/home/sliwek/.cache/coursier/v1/https/repo1.maven.org/maven2/org/virtuslab/scala-cli/zip-input-stream/zip-input-stream/0.1.2/zip-input-stream-0.1.2.jar:/home/sliwek/.cache/coursier/v1/https/repo1.maven.org/maven2/org/virtuslab/scala-cli/options_3/1.1.0/options_3-1.1.0.jar:/home/sliwek/.cache/coursier/v1/https/repo1.maven.org/maven2/org/virtuslab/scala-cli/directives_3/1.1.0/directives_3-1.1.0.jar:/home/sliwek/.cache/coursier/v1/https/repo1.maven.org/maven2/org/virtuslab/scala-cli/scala-cli-bsp/1.1.0/scala-cli-bsp-1.1.0.jar:/home/sliwek/.cache/coursier/v1/https/repo1.maven.org/maven2/org/virtuslab/scala-cli/test-runner_3/1.1.0/test-runner_3-1.1.0.jar:/home/sliwek/.cache/coursier/v1/https/repo1.maven.org/maven2/org/virtuslab/scala-cli/tasty-lib_3/1.1.0/tasty-lib_3-1.1.0.jar:/home/sliwek/.cache/coursier/v1/https/repo1.maven.org/maven2/org/codehaus/plexus/plexus-archiver/4.9.0/plexus-archiver-4.9.0.jar:/home/sliwek/.cache/coursier/v1/https/repo1.maven.org/maven2/org/codehaus/plexus/plexus-container-default/2.1.1/plexus-container-default-2.1.1.jar:/home/sliwek/.cache/coursier/v1/https/repo1.maven.org/maven2/io/github/alexarchambault/windows-ansi/windows-ansi/0.0.5/windows-ansi-0.0.5.jar:/home/sliwek/.cache/coursier/v1/https/repo1.maven.org/maven2/io/get-coursier/coursier-util_2.13/2.1.8/coursier-util_2.13-2.1.8.jar:/home/sliwek/.cache/coursier/v1/https/repo1.maven.org/maven2/io/github/alexarchambault/concurrent-reference-hash-map/1.1.0/concurrent-reference-hash-map-1.1.0.jar:/home/sliwek/.cache/coursier/v1/https/repo1.maven.org/maven2/org/scala-lang/modules/scala-xml_2.13/2.2.0/scala-xml_2.13-2.2.0.jar:/home/sliwek/.cache/coursier/v1/https/repo1.maven.org/maven2/com/google/guava/failureaccess/1.0.1/failureaccess-1.0.1.jar:/home/sliwek/.cache/coursier/v1/https/repo1.maven.org/maven2/com/google/guava/listenablefuture/9999.0-empty-to-avoid-conflict-with-guava/listenablefuture-9999.0-empty-to-avoid-conflict-with-guava.jar:/home/sliwek/.cache/coursier/v1/https/repo1.maven.org/maven2/com/google/code/findbugs/jsr305/3.0.2/jsr305-3.0.2.jar:/home/sliwek/.cache/coursier/v1/https/repo1.maven.org/maven2/org/checkerframework/checker-qual/3.37.0/checker-qual-3.37.0.jar:/home/sliwek/.cache/coursier/v1/https/repo1.maven.org/maven2/com/google/errorprone/error_prone_annotations/2.21.1/error_prone_annotations-2.21.1.jar:/home/sliwek/.cache/coursier/v1/https/repo1.maven.org/maven2/com/google/j2objc/j2objc-annotations/2.8/j2objc-annotations-2.8.jar:/home/sliwek/.cache/coursier/v1/https/repo1.maven.org/maven2/com/geirsson/metaconfig-pprint_3/0.12.0/metaconfig-pprint_3-0.12.0.jar:/home/sliwek/.cache/coursier/v1/https/repo1.maven.org/maven2/org/typelevel/paiges-core_3/0.4.3/paiges-core_3-0.4.3.jar:/home/sliwek/.cache/coursier/v1/https/repo1.maven.org/maven2/org/scala-lang/scala-reflect/2.13.8/scala-reflect-2.13.8.jar:/home/sliwek/.cache/coursier/v1/https/repo1.maven.org/maven2/com/google/cloud/tools/jib-build-plan/0.4.0/jib-build-plan-0.4.0.jar:/home/sliwek/.cache/coursier/v1/https/repo1.maven.org/maven2/com/google/http-client/google-http-client/1.34.0/google-http-client-1.34.0.jar:/home/sliwek/.cache/coursier/v1/https/repo1.maven.org/maven2/com/google/http-client/google-http-client-apache-v2/1.34.0/google-http-client-apache-v2-1.34.0.jar:/home/sliwek/.cache/coursier/v1/https/repo1.maven.org/maven2/com/google/auth/google-auth-library-oauth2-http/0.18.0/google-auth-library-oauth2-http-0.18.0.jar:/home/sliwek/.cache/coursier/v1/https/repo1.maven.org/maven2/org/apache/commons/commons-compress/1.24.0/commons-compress-1.24.0.jar:/home/sliwek/.cache/coursier/v1/https/repo1.maven.org/maven2/com/fasterxml/jackson/core/jackson-databind/2.13.3/jackson-databind-2.13.3.jar:/home/sliwek/.cache/coursier/v1/https/repo1.maven.org/maven2/com/fasterxml/jackson/datatype/jackson-datatype-jsr310/2.13.3/jackson-datatype-jsr310-2.13.3.jar:/home/sliwek/.cache/coursier/v1/https/repo1.maven.org/maven2/org/bouncycastle/bcprov-jdk18on/1.76/bcprov-jdk18on-1.76.jar:/home/sliwek/.cache/coursier/v1/https/repo1.maven.org/maven2/org/scala-lang/scala3-compiler_3/3.3.1/scala3-compiler_3-3.3.1.jar:/home/sliwek/.cache/coursier/v1/https/repo1.maven.org/maven2/org/scalameta/common_2.13/4.8.14/common_2.13-4.8.14.jar:/home/sliwek/.cache/coursier/v1/https/repo1.maven.org/maven2/org/scala-native/tools_3/0.4.16/tools_3-0.4.16.jar:/home/sliwek/.cache/coursier/v1/https/repo1.maven.org/maven2/org/scala-sbt/test-interface/1.0/test-interface-1.0.jar:/home/sliwek/.cache/coursier/v1/https/repo1.maven.org/maven2/com/novocode/junit-interface/0.11/junit-interface-0.11.jar:/home/sliwek/.cache/coursier/v1/https/repo1.maven.org/maven2/junit/junit/4.13.2/junit-4.13.2.jar:/home/sliwek/.cache/coursier/v1/https/repo1.maven.org/maven2/com/lihaoyi/geny_3/1.0.0/geny_3-1.0.0.jar:/home/sliwek/.cache/coursier/v1/https/repo1.maven.org/maven2/com/lihaoyi/fansi_3/0.4.0/fansi_3-0.4.0.jar:/home/sliwek/.cache/coursier/v1/https/repo1.maven.org/maven2/org/scala-js/scalajs-js-envs_2.13/1.4.0/scalajs-js-envs_2.13-1.4.0.jar:/home/sliwek/.cache/coursier/v1/https/repo1.maven.org/maven2/ch/epfl/scala/bloop-config_2.13/1.5.5/bloop-config_2.13-1.5.5.jar:/home/sliwek/.cache/coursier/v1/https/repo1.maven.org/maven2/org/virtuslab/scala-cli/core_3/1.1.0/core_3-1.1.0.jar:/home/sliwek/.cache/coursier/v1/https/repo1.maven.org/maven2/org/virtuslab/using_directives/1.1.0/using_directives-1.1.0.jar:/home/sliwek/.cache/coursier/v1/https/repo1.maven.org/maven2/org/virtuslab/scala-cli/build-macros_3/1.1.0/build-macros_3-1.1.0.jar:/home/sliwek/.cache/coursier/v1/https/repo1.maven.org/maven2/ch/epfl/scala/bsp4j/2.1.0-M7/bsp4j-2.1.0-M7.jar:/home/sliwek/.cache/coursier/v1/https/repo1.maven.org/maven2/javax/inject/javax.inject/1/javax.inject-1.jar:/home/sliwek/.cache/coursier/v1/https/repo1.maven.org/maven2/org/codehaus/plexus/plexus-utils/4.0.0/plexus-utils-4.0.0.jar:/home/sliwek/.cache/coursier/v1/https/repo1.maven.org/maven2/org/codehaus/plexus/plexus-io/3.4.1/plexus-io-3.4.1.jar:/home/sliwek/.cache/coursier/v1/https/repo1.maven.org/maven2/org/iq80/snappy/snappy/0.4/snappy-0.4.jar:/home/sliwek/.cache/coursier/v1/https/repo1.maven.org/maven2/org/tukaani/xz/1.9/xz-1.9.jar:/home/sliwek/.cache/coursier/v1/https/repo1.maven.org/maven2/com/github/luben/zstd-jni/1.5.5-10/zstd-jni-1.5.5-10.jar:/home/sliwek/.cache/coursier/v1/https/repo1.maven.org/maven2/org/codehaus/plexus/plexus-classworlds/2.6.0/plexus-classworlds-2.6.0.jar:/home/sliwek/.cache/coursier/v1/https/repo1.maven.org/maven2/org/apache/xbean/xbean-reflect/3.7/xbean-reflect-3.7.jar:/home/sliwek/.cache/coursier/v1/https/repo1.maven.org/maven2/org/fusesource/jansi/jansi/1.18/jansi-1.18.jar:/home/sliwek/.cache/coursier/v1/https/repo1.maven.org/maven2/org/apache/httpcomponents/httpclient/4.5.10/httpclient-4.5.10.jar:/home/sliwek/.cache/coursier/v1/https/repo1.maven.org/maven2/org/apache/httpcomponents/httpcore/4.4.12/httpcore-4.4.12.jar:/home/sliwek/.cache/coursier/v1/https/repo1.maven.org/maven2/io/opencensus/opencensus-api/0.24.0/opencensus-api-0.24.0.jar:/home/sliwek/.cache/coursier/v1/https/repo1.maven.org/maven2/io/opencensus/opencensus-contrib-http-util/0.24.0/opencensus-contrib-http-util-0.24.0.jar:/home/sliwek/.cache/coursier/v1/https/repo1.maven.org/maven2/com/google/auto/value/auto-value-annotations/1.6.6/auto-value-annotations-1.6.6.jar:/home/sliwek/.cache/coursier/v1/https/repo1.maven.org/maven2/com/google/auth/google-auth-library-credentials/0.18.0/google-auth-library-credentials-0.18.0.jar:/home/sliwek/.cache/coursier/v1/https/repo1.maven.org/maven2/com/google/http-client/google-http-client-jackson2/1.32.1/google-http-client-jackson2-1.32.1.jar:/home/sliwek/.cache/coursier/v1/https/repo1.maven.org/maven2/com/fasterxml/jackson/core/jackson-annotations/2.13.3/jackson-annotations-2.13.3.jar:/home/sliwek/.cache/coursier/v1/https/repo1.maven.org/maven2/com/fasterxml/jackson/core/jackson-core/2.13.3/jackson-core-2.13.3.jar:/home/sliwek/.cache/coursier/v1/https/repo1.maven.org/maven2/org/scala-lang/scala3-interfaces/3.3.1/scala3-interfaces-3.3.1.jar:/home/sliwek/.cache/coursier/v1/https/repo1.maven.org/maven2/org/scala-lang/tasty-core_3/3.3.1/tasty-core_3-3.3.1.jar:/home/sliwek/.cache/coursier/v1/https/repo1.maven.org/maven2/org/scala-lang/modules/scala-asm/9.5.0-scala-1/scala-asm-9.5.0-scala-1.jar:/home/sliwek/.cache/coursier/v1/https/repo1.maven.org/maven2/org/scala-sbt/compiler-interface/1.3.5/compiler-interface-1.3.5.jar:/home/sliwek/.cache/coursier/v1/https/repo1.maven.org/maven2/org/jline/jline-reader/3.19.0/jline-reader-3.19.0.jar:/home/sliwek/.cache/coursier/v1/https/repo1.maven.org/maven2/org/jline/jline-terminal/3.19.0/jline-terminal-3.19.0.jar:/home/sliwek/.cache/coursier/v1/https/repo1.maven.org/maven2/org/jline/jline-terminal-jna/3.19.0/jline-terminal-jna-3.19.0.jar:/home/sliwek/.cache/coursier/v1/https/repo1.maven.org/maven2/com/thesamet/scalapb/scalapb-runtime_2.13/0.11.13/scalapb-runtime_2.13-0.11.13.jar:/home/sliwek/.cache/coursier/v1/https/repo1.maven.org/maven2/org/scala-native/nir_3/0.4.16/nir_3-0.4.16.jar:/home/sliwek/.cache/coursier/v1/https/repo1.maven.org/maven2/org/scala-native/util_3/0.4.16/util_3-0.4.16.jar:/home/sliwek/.cache/coursier/v1/https/repo1.maven.org/maven2/org/scala-lang/modules/scala-parallel-collections_3/1.0.3/scala-parallel-collections_3-1.0.3.jar:/home/sliwek/.cache/coursier/v1/https/repo1.maven.org/maven2/org/hamcrest/hamcrest-core/1.3/hamcrest-core-1.3.jar:/home/sliwek/.cache/coursier/v1/https/repo1.maven.org/maven2/org/scala-js/scalajs-logging_2.13/1.1.1/scalajs-logging_2.13-1.1.1.jar:/home/sliwek/.cache/coursier/v1/https/repo1.maven.org/maven2/io/github/alexarchambault/bleep/bloop-rifle_2.13/1.5.11-sc-3/bloop-rifle_2.13-1.5.11-sc-3.jar:/home/sliwek/.cache/coursier/v1/https/repo1.maven.org/maven2/io/get-coursier/coursier-jvm_2.13/2.1.8/coursier-jvm_2.13-2.1.8.jar:/home/sliwek/.cache/coursier/v1/https/repo1.maven.org/maven2/io/get-coursier/dependency_3/0.2.3/dependency_3-0.2.3.jar:/home/sliwek/.cache/coursier/v1/https/repo1.maven.org/maven2/org/eclipse/jgit/org.eclipse.jgit/6.7.0.202309050840-r/org.eclipse.jgit-6.7.0.202309050840-r.jar:/home/sliwek/.cache/coursier/v1/https/repo1.maven.org/maven2/org/scala-js/scalajs-env-jsdom-nodejs_2.13/1.1.0/scalajs-env-jsdom-nodejs_2.13-1.1.0.jar:/home/sliwek/.cache/coursier/v1/https/repo1.maven.org/maven2/org/eclipse/lsp4j/org.eclipse.lsp4j.generator/0.20.1/org.eclipse.lsp4j.generator-0.20.1.jar:/home/sliwek/.cache/coursier/v1/https/repo1.maven.org/maven2/org/eclipse/lsp4j/org.eclipse.lsp4j.jsonrpc/0.20.1/org.eclipse.lsp4j.jsonrpc-0.20.1.jar:/home/sliwek/.cache/coursier/v1/https/repo1.maven.org/maven2/commons-logging/commons-logging/1.2/commons-logging-1.2.jar:/home/sliwek/.cache/coursier/v1/https/repo1.maven.org/maven2/commons-codec/commons-codec/1.16.0/commons-codec-1.16.0.jar:/home/sliwek/.cache/coursier/v1/https/repo1.maven.org/maven2/io/grpc/grpc-context/1.22.1/grpc-context-1.22.1.jar:/home/sliwek/.cache/coursier/v1/https/repo1.maven.org/maven2/com/google/protobuf/protobuf-java/3.19.6/protobuf-java-3.19.6.jar:/home/sliwek/.cache/coursier/v1/https/repo1.maven.org/maven2/org/scala-sbt/util-interface/1.3.0/util-interface-1.3.0.jar:/home/sliwek/.cache/coursier/v1/https/repo1.maven.org/maven2/com/thesamet/scalapb/lenses_2.13/0.11.13/lenses_2.13-0.11.13.jar:/home/sliwek/.cache/coursier/v1/https/repo1.maven.org/maven2/io/github/alexarchambault/libdaemon/libdaemon_2.13/0.0.11/libdaemon_2.13-0.0.11.jar:/home/sliwek/.cache/coursier/v1/https/repo1.maven.org/maven2/io/github/alexarchambault/scala-cli/snailgun/snailgun-core_2.13/0.4.1-sc2/snailgun-core_2.13-0.4.1-sc2.jar:/home/sliwek/.cache/coursier/v1/https/repo1.maven.org/maven2/com/github/alexarchambault/argonaut-shapeless_6.3_2.13/1.3.1/argonaut-shapeless_6.3_2.13-1.3.1.jar:/home/sliwek/.cache/coursier/v1/https/repo1.maven.org/maven2/io/get-coursier/coursier_2.13/2.1.8/coursier_2.13-2.1.8.jar:/home/sliwek/.cache/coursier/v1/https/repo1.maven.org/maven2/io/get-coursier/coursier-env_2.13/2.1.8/coursier-env_2.13-2.1.8.jar:/home/sliwek/.cache/coursier/v1/https/repo1.maven.org/maven2/com/googlecode/javaewah/JavaEWAH/1.2.3/JavaEWAH-1.2.3.jar:/home/sliwek/.cache/coursier/v1/https/repo1.maven.org/maven2/org/eclipse/xtend/org.eclipse.xtend.lib/2.28.0/org.eclipse.xtend.lib-2.28.0.jar:/home/sliwek/.cache/coursier/v1/https/repo1.maven.org/maven2/com/google/code/gson/gson/2.10.1/gson-2.10.1.jar:/home/sliwek/.cache/coursier/v1/https/repo1.maven.org/maven2/io/argonaut/argonaut_2.13/6.3.8/argonaut_2.13-6.3.8.jar:/home/sliwek/.cache/coursier/v1/https/repo1.maven.org/maven2/com/chuusai/shapeless_2.13/2.3.9/shapeless_2.13-2.3.9.jar:/home/sliwek/.cache/coursier/v1/https/repo1.maven.org/maven2/org/eclipse/xtext/org.eclipse.xtext.xbase.lib/2.28.0/org.eclipse.xtext.xbase.lib-2.28.0.jar:/home/sliwek/.cache/coursier/v1/https/repo1.maven.org/maven2/org/eclipse/xtend/org.eclipse.xtend.lib.macro/2.28.0/org.eclipse.xtend.lib.macro-2.28.0.jar, scala.cli.ScalaCli, bsp, /home/sliwek/Programowanie/sem3/PP_c/lista6)
2023.12.16 21:34:32 INFO  tracing is disabled for protocol BSP, to enable tracing of incoming and outgoing JSON messages create an empty file at /home/sliwek/Programowanie/sem3/PP_c/lista6/.metals/bsp.trace.json or /home/sliwek/.cache/metals/bsp.trace.json
2023.12.16 21:34:33 INFO  Scala CLI: Downloading https://repo1.maven.org/maven2/io/github/alexarchambault/bleep/bloop-frontend_2.12/1.5.11-sc-3/bloop-frontend_2.12-1.5.11-sc-3.pom
2023.12.16 21:34:33 INFO  Scala CLI: Downloaded https://repo1.maven.org/maven2/io/github/alexarchambault/bleep/bloop-frontend_2.12/1.5.11-sc-3/bloop-frontend_2.12-1.5.11-sc-3.pom
2023.12.16 21:34:33 INFO  Scala CLI: Downloading https://repo1.maven.org/maven2/io/github/alexarchambault/bleep/bloop-backend_2.12/1.5.11-sc-3/bloop-backend_2.12-1.5.11-sc-3.pom
2023.12.16 21:34:33 INFO  Scala CLI: Downloading https://repo1.maven.org/maven2/ch/epfl/scala/scala-debug-adapter_2.12/3.1.4/scala-debug-adapter_2.12-3.1.4.pom
2023.12.16 21:34:33 INFO  Scala CLI: Downloaded https://repo1.maven.org/maven2/io/github/alexarchambault/bleep/bloop-backend_2.12/1.5.11-sc-3/bloop-backend_2.12-1.5.11-sc-3.pom
2023.12.16 21:34:33 INFO  Scala CLI: Downloaded https://repo1.maven.org/maven2/ch/epfl/scala/scala-debug-adapter_2.12/3.1.4/scala-debug-adapter_2.12-3.1.4.pom
2023.12.16 21:34:33 INFO  Scala CLI: Downloading https://repo1.maven.org/maven2/com/lihaoyi/sourcecode_2.12/0.3.1/sourcecode_2.12-0.3.1.pom
2023.12.16 21:34:33 INFO  Scala CLI: Downloading https://repo1.maven.org/maven2/org/zeroturnaround/zt-zip/1.16/zt-zip-1.16.pom
2023.12.16 21:34:33 INFO  Scala CLI: Downloading https://repo1.maven.org/maven2/ch/epfl/scala/com-microsoft-java-debug-core/0.34.0+20/com-microsoft-java-debug-core-0.34.0+20.pom
2023.12.16 21:34:33 INFO  Scala CLI: Downloading https://repo1.maven.org/maven2/io/github/alexarchambault/bleep/bloop-shared_2.12/1.5.11-sc-3/bloop-shared_2.12-1.5.11-sc-3.pom
2023.12.16 21:34:33 INFO  Scala CLI: Downloading https://repo1.maven.org/maven2/org/scala-lang/modules/scala-collection-compat_2.12/2.11.0/scala-collection-compat_2.12-2.11.0.pom
2023.12.16 21:34:33 INFO  Scala CLI: Downloading https://repo1.maven.org/maven2/org/scala-sbt/librarymanagement-ivy_2.12/1.9.3/librarymanagement-ivy_2.12-1.9.3.pom
2023.12.16 21:34:33 INFO  Scala CLI: Downloaded https://repo1.maven.org/maven2/com/lihaoyi/sourcecode_2.12/0.3.1/sourcecode_2.12-0.3.1.pom
2023.12.16 21:34:33 INFO  Scala CLI: Downloading https://repo1.maven.org/maven2/org/ow2/asm/asm-util/9.6/asm-util-9.6.pom
2023.12.16 21:34:33 INFO  Scala CLI: Downloaded https://repo1.maven.org/maven2/org/scala-sbt/librarymanagement-ivy_2.12/1.9.3/librarymanagement-ivy_2.12-1.9.3.pom
2023.12.16 21:34:33 INFO  Scala CLI: Downloaded https://repo1.maven.org/maven2/org/ow2/asm/asm-util/9.6/asm-util-9.6.pom
2023.12.16 21:34:33 INFO  Scala CLI: Downloaded https://repo1.maven.org/maven2/io/github/alexarchambault/bleep/bloop-shared_2.12/1.5.11-sc-3/bloop-shared_2.12-1.5.11-sc-3.pom
2023.12.16 21:34:33 INFO  Scala CLI: Downloaded https://repo1.maven.org/maven2/org/zeroturnaround/zt-zip/1.16/zt-zip-1.16.pom
2023.12.16 21:34:33 INFO  Scala CLI: Downloaded https://repo1.maven.org/maven2/org/scala-lang/modules/scala-collection-compat_2.12/2.11.0/scala-collection-compat_2.12-2.11.0.pom
2023.12.16 21:34:33 INFO  Scala CLI: Downloaded https://repo1.maven.org/maven2/ch/epfl/scala/com-microsoft-java-debug-core/0.34.0+20/com-microsoft-java-debug-core-0.34.0+20.pom
2023.12.16 21:34:33 INFO  Scala CLI: Downloading https://repo1.maven.org/maven2/ch/epfl/scala/bsp4s_2.12/2.1.0-M7/bsp4s_2.12-2.1.0-M7.pom
2023.12.16 21:34:33 INFO  Scala CLI: Downloading https://repo1.maven.org/maven2/org/scala-sbt/test-agent/1.9.7/test-agent-1.9.7.pom
2023.12.16 21:34:33 INFO  Scala CLI: Downloading https://repo1.maven.org/maven2/org/scala-sbt/zinc_2.12/1.9.5/zinc_2.12-1.9.5.pom
2023.12.16 21:34:33 INFO  Scala CLI: Downloading https://repo1.maven.org/maven2/org/ow2/asm/asm-tree/9.6/asm-tree-9.6.pom
2023.12.16 21:34:33 INFO  Scala CLI: Downloading https://repo1.maven.org/maven2/org/apache/logging/log4j/log4j-core/2.21.1/log4j-core-2.21.1.pom
2023.12.16 21:34:33 INFO  Scala CLI: Downloading https://repo1.maven.org/maven2/org/ow2/asm/asm-analysis/9.6/asm-analysis-9.6.pom
2023.12.16 21:34:33 INFO  Scala CLI: Downloaded https://repo1.maven.org/maven2/org/ow2/asm/asm-tree/9.6/asm-tree-9.6.pom
2023.12.16 21:34:33 INFO  Scala CLI: Downloaded https://repo1.maven.org/maven2/ch/epfl/scala/bsp4s_2.12/2.1.0-M7/bsp4s_2.12-2.1.0-M7.pom
2023.12.16 21:34:33 INFO  Scala CLI: Downloading https://repo1.maven.org/maven2/commons-io/commons-io/2.13.0/commons-io-2.13.0.pom
2023.12.16 21:34:33 INFO  Scala CLI: Downloading https://repo1.maven.org/maven2/org/scala-sbt/ivy/ivy/2.3.0-sbt-396a783bba347016e7fe30dacc60d355be607fe2/ivy-2.3.0-sbt-396a783bba347016e7fe30dacc60d355be607fe2.pom
2023.12.16 21:34:33 INFO  Scala CLI: Downloaded https://repo1.maven.org/maven2/org/apache/logging/log4j/log4j-core/2.21.1/log4j-core-2.21.1.pom
2023.12.16 21:34:33 INFO  Scala CLI: Downloading https://repo1.maven.org/maven2/org/scala-sbt/librarymanagement-core_2.12/1.9.3/librarymanagement-core_2.12-1.9.3.pom
2023.12.16 21:34:33 INFO  Scala CLI: Downloaded https://repo1.maven.org/maven2/org/scala-sbt/test-agent/1.9.7/test-agent-1.9.7.pom
2023.12.16 21:34:33 INFO  Scala CLI: Downloaded https://repo1.maven.org/maven2/org/scala-sbt/zinc_2.12/1.9.5/zinc_2.12-1.9.5.pom
2023.12.16 21:34:33 INFO  Scala CLI: Downloaded https://repo1.maven.org/maven2/org/scala-sbt/librarymanagement-core_2.12/1.9.3/librarymanagement-core_2.12-1.9.3.pom
2023.12.16 21:34:33 INFO  Scala CLI: Downloaded https://repo1.maven.org/maven2/commons-io/commons-io/2.13.0/commons-io-2.13.0.pom
2023.12.16 21:34:33 INFO  Scala CLI: Downloaded https://repo1.maven.org/maven2/org/scala-sbt/ivy/ivy/2.3.0-sbt-396a783bba347016e7fe30dacc60d355be607fe2/ivy-2.3.0-sbt-396a783bba347016e7fe30dacc60d355be607fe2.pom
2023.12.16 21:34:33 INFO  Scala CLI: Downloaded https://repo1.maven.org/maven2/org/ow2/asm/asm-analysis/9.6/asm-analysis-9.6.pom
2023.12.16 21:34:33 INFO  Scala CLI: Downloading https://repo1.maven.org/maven2/org/apache/logging/log4j/log4j/2.21.1/log4j-2.21.1.pom
2023.12.16 21:34:33 INFO  Scala CLI: Downloaded https://repo1.maven.org/maven2/org/apache/logging/log4j/log4j/2.21.1/log4j-2.21.1.pom
2023.12.16 21:34:33 INFO  Scala CLI: Downloading https://repo1.maven.org/maven2/org/apache/logging/log4j/log4j-bom/2.21.1/log4j-bom-2.21.1.pom
2023.12.16 21:34:33 INFO  Scala CLI: Downloaded https://repo1.maven.org/maven2/org/apache/logging/log4j/log4j-bom/2.21.1/log4j-bom-2.21.1.pom
2023.12.16 21:34:33 INFO  Scala CLI: Downloading https://repo1.maven.org/maven2/org/apache/logging/logging-parent/10.1.1/logging-parent-10.1.1.pom
2023.12.16 21:34:33 INFO  Scala CLI: Downloaded https://repo1.maven.org/maven2/org/apache/logging/logging-parent/10.1.1/logging-parent-10.1.1.pom
2023.12.16 21:34:33 INFO  Scala CLI: Downloading https://repo1.maven.org/maven2/org/mockito/mockito-bom/4.11.0/mockito-bom-4.11.0.pom
2023.12.16 21:34:33 INFO  Scala CLI: Downloading https://repo1.maven.org/maven2/io/netty/netty-bom/4.1.97.Final/netty-bom-4.1.97.Final.pom
2023.12.16 21:34:33 INFO  Scala CLI: Downloading https://repo1.maven.org/maven2/org/springframework/spring-framework-bom/5.3.29/spring-framework-bom-5.3.29.pom
2023.12.16 21:34:33 INFO  Scala CLI: Downloading https://repo1.maven.org/maven2/org/eclipse/jetty/jetty-bom/9.4.53.v20231009/jetty-bom-9.4.53.v20231009.pom
2023.12.16 21:34:33 INFO  Scala CLI: Downloading https://repo1.maven.org/maven2/org/codehaus/groovy/groovy-bom/3.0.19/groovy-bom-3.0.19.pom
2023.12.16 21:34:33 INFO  Scala CLI: Downloading https://repo1.maven.org/maven2/jakarta/platform/jakarta.jakartaee-bom/9.1.0/jakarta.jakartaee-bom-9.1.0.pom
2023.12.16 21:34:33 INFO  Scala CLI: Downloaded https://repo1.maven.org/maven2/jakarta/platform/jakarta.jakartaee-bom/9.1.0/jakarta.jakartaee-bom-9.1.0.pom
2023.12.16 21:34:33 INFO  Scala CLI: Downloading https://repo1.maven.org/maven2/io/fabric8/kubernetes-client-bom/5.12.4/kubernetes-client-bom-5.12.4.pom
2023.12.16 21:34:33 INFO  Scala CLI: Downloaded https://repo1.maven.org/maven2/org/eclipse/jetty/jetty-bom/9.4.53.v20231009/jetty-bom-9.4.53.v20231009.pom
2023.12.16 21:34:33 INFO  Scala CLI: Downloading https://repo1.maven.org/maven2/org/ow2/asm/asm-bom/9.5/asm-bom-9.5.pom
2023.12.16 21:34:33 INFO  Scala CLI: Downloaded https://repo1.maven.org/maven2/io/netty/netty-bom/4.1.97.Final/netty-bom-4.1.97.Final.pom
2023.12.16 21:34:33 INFO  Scala CLI: Downloaded https://repo1.maven.org/maven2/org/mockito/mockito-bom/4.11.0/mockito-bom-4.11.0.pom
2023.12.16 21:34:33 INFO  Scala CLI: Downloaded https://repo1.maven.org/maven2/org/codehaus/groovy/groovy-bom/3.0.19/groovy-bom-3.0.19.pom
2023.12.16 21:34:33 INFO  Scala CLI: Downloaded https://repo1.maven.org/maven2/org/ow2/asm/asm-bom/9.5/asm-bom-9.5.pom
2023.12.16 21:34:34 INFO  Scala CLI: Downloaded https://repo1.maven.org/maven2/io/fabric8/kubernetes-client-bom/5.12.4/kubernetes-client-bom-5.12.4.pom
2023.12.16 21:34:34 INFO  Scala CLI: Downloaded https://repo1.maven.org/maven2/org/springframework/spring-framework-bom/5.3.29/spring-framework-bom-5.3.29.pom
2023.12.16 21:34:34 INFO  Scala CLI: Downloading https://repo1.maven.org/maven2/jakarta/platform/jakartaee-api-parent/9.1.0/jakartaee-api-parent-9.1.0.pom
2023.12.16 21:34:34 INFO  Scala CLI: Downloaded https://repo1.maven.org/maven2/jakarta/platform/jakartaee-api-parent/9.1.0/jakartaee-api-parent-9.1.0.pom
2023.12.16 21:34:34 INFO  Scala CLI: Downloading https://repo1.maven.org/maven2/org/eclipse/ee4j/project/1.0.7/project-1.0.7.pom
2023.12.16 21:34:34 INFO  Scala CLI: Downloaded https://repo1.maven.org/maven2/org/eclipse/ee4j/project/1.0.7/project-1.0.7.pom
2023.12.16 21:34:34 INFO  Scala CLI: Downloading https://repo1.maven.org/maven2/org/scala-sbt/zinc-persist_2.12/1.9.5/zinc-persist_2.12-1.9.5.pom
2023.12.16 21:34:34 INFO  Scala CLI: Downloading https://repo1.maven.org/maven2/org/apache/logging/log4j/log4j-api/2.21.1/log4j-api-2.21.1.pom
2023.12.16 21:34:34 INFO  Scala CLI: Downloading https://repo1.maven.org/maven2/org/scala-sbt/zinc-compile-core_2.12/1.9.5/zinc-compile-core_2.12-1.9.5.pom
2023.12.16 21:34:34 INFO  Scala CLI: Downloading https://repo1.maven.org/maven2/org/scala-sbt/zinc-classfile_2.12/1.9.5/zinc-classfile_2.12-1.9.5.pom
2023.12.16 21:34:34 INFO  Scala CLI: Downloading https://repo1.maven.org/maven2/org/scala-sbt/zinc-core_2.12/1.9.5/zinc-core_2.12-1.9.5.pom
2023.12.16 21:34:34 INFO  Scala CLI: Downloaded https://repo1.maven.org/maven2/org/scala-sbt/zinc-classfile_2.12/1.9.5/zinc-classfile_2.12-1.9.5.pom
2023.12.16 21:34:34 INFO  Scala CLI: Downloaded https://repo1.maven.org/maven2/org/scala-sbt/zinc-compile-core_2.12/1.9.5/zinc-compile-core_2.12-1.9.5.pom
2023.12.16 21:34:34 INFO  Scala CLI: Downloaded https://repo1.maven.org/maven2/org/scala-sbt/zinc-core_2.12/1.9.5/zinc-core_2.12-1.9.5.pom
2023.12.16 21:34:34 INFO  Scala CLI: Downloaded https://repo1.maven.org/maven2/org/scala-sbt/zinc-persist_2.12/1.9.5/zinc-persist_2.12-1.9.5.pom
2023.12.16 21:34:34 INFO  Scala CLI: Downloaded https://repo1.maven.org/maven2/org/apache/logging/log4j/log4j-api/2.21.1/log4j-api-2.21.1.pom
2023.12.16 21:34:34 INFO  Scala CLI: Downloading https://repo1.maven.org/maven2/org/scala-sbt/util-relation_2.12/1.9.4/util-relation_2.12-1.9.4.pom
2023.12.16 21:34:34 INFO  Scala CLI: Downloading https://repo1.maven.org/maven2/org/scala-sbt/util-control_2.12/1.9.4/util-control_2.12-1.9.4.pom
2023.12.16 21:34:34 INFO  Scala CLI: Downloading https://repo1.maven.org/maven2/org/scala-lang/modules/scala-xml_2.12/2.2.0/scala-xml_2.12-2.2.0.pom
2023.12.16 21:34:34 INFO  Scala CLI: Downloading https://repo1.maven.org/maven2/org/scala-sbt/util-logging_2.12/1.9.4/util-logging_2.12-1.9.4.pom
2023.12.16 21:34:34 INFO  Scala CLI: Downloading https://repo1.maven.org/maven2/org/scala-sbt/zinc-apiinfo_2.12/1.9.5/zinc-apiinfo_2.12-1.9.5.pom
2023.12.16 21:34:34 INFO  Scala CLI: Downloading https://repo1.maven.org/maven2/org/scala-sbt/zinc-classpath_2.12/1.9.5/zinc-classpath_2.12-1.9.5.pom
2023.12.16 21:34:34 INFO  Scala CLI: Downloaded https://repo1.maven.org/maven2/org/scala-sbt/zinc-apiinfo_2.12/1.9.5/zinc-apiinfo_2.12-1.9.5.pom
2023.12.16 21:34:34 INFO  Scala CLI: Downloading https://repo1.maven.org/maven2/org/scala-sbt/compiler-interface/1.9.5/compiler-interface-1.9.5.pom
2023.12.16 21:34:34 INFO  Scala CLI: Downloaded https://repo1.maven.org/maven2/org/scala-sbt/util-control_2.12/1.9.4/util-control_2.12-1.9.4.pom
2023.12.16 21:34:34 INFO  Scala CLI: Downloaded https://repo1.maven.org/maven2/org/scala-lang/modules/scala-xml_2.12/2.2.0/scala-xml_2.12-2.2.0.pom
2023.12.16 21:34:34 INFO  Scala CLI: Downloading https://repo1.maven.org/maven2/org/scala-sbt/zinc-persist-core-assembly/1.9.5/zinc-persist-core-assembly-1.9.5.pom
2023.12.16 21:34:34 INFO  Scala CLI: Downloaded https://repo1.maven.org/maven2/org/scala-sbt/zinc-classpath_2.12/1.9.5/zinc-classpath_2.12-1.9.5.pom
2023.12.16 21:34:34 INFO  Scala CLI: Downloaded https://repo1.maven.org/maven2/org/scala-sbt/util-relation_2.12/1.9.4/util-relation_2.12-1.9.4.pom
2023.12.16 21:34:34 INFO  Scala CLI: Downloaded https://repo1.maven.org/maven2/org/scala-sbt/compiler-interface/1.9.5/compiler-interface-1.9.5.pom
2023.12.16 21:34:34 INFO  Scala CLI: Downloaded https://repo1.maven.org/maven2/org/scala-sbt/zinc-persist-core-assembly/1.9.5/zinc-persist-core-assembly-1.9.5.pom
2023.12.16 21:34:34 INFO  Scala CLI: Downloaded https://repo1.maven.org/maven2/org/scala-sbt/util-logging_2.12/1.9.4/util-logging_2.12-1.9.4.pom
2023.12.16 21:34:34 INFO  Scala CLI: Downloading https://repo1.maven.org/maven2/org/scala-sbt/compiler-bridge_2.12/1.9.5/compiler-bridge_2.12-1.9.5.pom
2023.12.16 21:34:34 INFO  Scala CLI: Downloading https://repo1.maven.org/maven2/org/scala-sbt/core-macros_2.12/1.9.4/core-macros_2.12-1.9.4.pom
2023.12.16 21:34:34 INFO  Scala CLI: Downloading https://repo1.maven.org/maven2/org/scala-sbt/util-interface/1.9.4/util-interface-1.9.4.pom
2023.12.16 21:34:34 INFO  Scala CLI: Downloading https://repo1.maven.org/maven2/org/scala-sbt/collections_2.12/1.9.4/collections_2.12-1.9.4.pom
2023.12.16 21:34:34 INFO  Scala CLI: Downloaded https://repo1.maven.org/maven2/org/scala-sbt/collections_2.12/1.9.4/collections_2.12-1.9.4.pom
2023.12.16 21:34:34 INFO  Scala CLI: Downloaded https://repo1.maven.org/maven2/org/scala-sbt/core-macros_2.12/1.9.4/core-macros_2.12-1.9.4.pom
2023.12.16 21:34:34 INFO  Scala CLI: Downloaded https://repo1.maven.org/maven2/org/scala-sbt/util-interface/1.9.4/util-interface-1.9.4.pom
2023.12.16 21:34:34 INFO  Scala CLI: Downloaded https://repo1.maven.org/maven2/org/scala-sbt/compiler-bridge_2.12/1.9.5/compiler-bridge_2.12-1.9.5.pom
2023.12.16 21:34:34 INFO  Scala CLI: Downloading https://repo1.maven.org/maven2/org/scala-sbt/util-position_2.12/1.9.4/util-position_2.12-1.9.4.pom
2023.12.16 21:34:34 INFO  Scala CLI: Downloaded https://repo1.maven.org/maven2/org/scala-sbt/util-position_2.12/1.9.4/util-position_2.12-1.9.4.pom
2023.12.16 21:34:34 INFO  Scala CLI: Downloading https://repo1.maven.org/maven2/org/scala-sbt/librarymanagement-core_2.12/1.9.3/librarymanagement-core_2.12-1.9.3.jar
2023.12.16 21:34:34 INFO  Scala CLI: Downloading https://repo1.maven.org/maven2/org/scala-sbt/zinc-classfile_2.12/1.9.5/zinc-classfile_2.12-1.9.5.jar
2023.12.16 21:34:34 INFO  Scala CLI: Downloading https://repo1.maven.org/maven2/org/scala-sbt/core-macros_2.12/1.9.4/core-macros_2.12-1.9.4.jar
2023.12.16 21:34:34 INFO  Scala CLI: Downloading https://repo1.maven.org/maven2/io/github/alexarchambault/bleep/bloop-backend_2.12/1.5.11-sc-3/bloop-backend_2.12-1.5.11-sc-3.jar
2023.12.16 21:34:34 INFO  Scala CLI: Downloading https://repo1.maven.org/maven2/org/ow2/asm/asm-analysis/9.6/asm-analysis-9.6.jar
2023.12.16 21:34:34 INFO  Scala CLI: Downloading https://repo1.maven.org/maven2/org/scala-sbt/test-agent/1.9.7/test-agent-1.9.7.jar
2023.12.16 21:34:34 INFO  Scala CLI: Downloaded https://repo1.maven.org/maven2/org/ow2/asm/asm-analysis/9.6/asm-analysis-9.6.jar
2023.12.16 21:34:34 INFO  Scala CLI: Downloaded https://repo1.maven.org/maven2/org/scala-sbt/test-agent/1.9.7/test-agent-1.9.7.jar
2023.12.16 21:34:34 INFO  Scala CLI: Downloading https://repo1.maven.org/maven2/org/scala-lang/modules/scala-xml_2.12/2.2.0/scala-xml_2.12-2.2.0.jar
2023.12.16 21:34:34 INFO  Scala CLI: Downloading https://repo1.maven.org/maven2/org/apache/logging/log4j/log4j-core/2.21.1/log4j-core-2.21.1.jar
2023.12.16 21:34:34 INFO  Scala CLI: Downloaded https://repo1.maven.org/maven2/org/scala-sbt/zinc-classfile_2.12/1.9.5/zinc-classfile_2.12-1.9.5.jar
2023.12.16 21:34:34 INFO  Scala CLI: Downloading https://repo1.maven.org/maven2/org/scala-sbt/util-position_2.12/1.9.4/util-position_2.12-1.9.4.jar
2023.12.16 21:34:34 INFO  Scala CLI: Downloaded https://repo1.maven.org/maven2/org/scala-sbt/core-macros_2.12/1.9.4/core-macros_2.12-1.9.4.jar
2023.12.16 21:34:34 INFO  Scala CLI: Downloading https://repo1.maven.org/maven2/org/scala-sbt/util-interface/1.9.4/util-interface-1.9.4.jar
2023.12.16 21:34:34 INFO  Scala CLI: Downloaded https://repo1.maven.org/maven2/org/scala-sbt/util-interface/1.9.4/util-interface-1.9.4.jar
2023.12.16 21:34:34 INFO  Scala CLI: Downloading https://repo1.maven.org/maven2/org/scala-lang/modules/scala-collection-compat_2.12/2.11.0/scala-collection-compat_2.12-2.11.0.jar
2023.12.16 21:34:34 INFO  Scala CLI: Downloaded https://repo1.maven.org/maven2/org/scala-sbt/util-position_2.12/1.9.4/util-position_2.12-1.9.4.jar
2023.12.16 21:34:34 INFO  Scala CLI: Downloading https://repo1.maven.org/maven2/org/scala-sbt/zinc-apiinfo_2.12/1.9.5/zinc-apiinfo_2.12-1.9.5.jar
2023.12.16 21:34:34 INFO  Scala CLI: Downloaded https://repo1.maven.org/maven2/org/scala-sbt/zinc-apiinfo_2.12/1.9.5/zinc-apiinfo_2.12-1.9.5.jar
2023.12.16 21:34:34 INFO  Scala CLI: Downloading https://repo1.maven.org/maven2/org/scala-sbt/util-control_2.12/1.9.4/util-control_2.12-1.9.4.jar
2023.12.16 21:34:34 INFO  Scala CLI: Downloaded https://repo1.maven.org/maven2/org/scala-sbt/util-control_2.12/1.9.4/util-control_2.12-1.9.4.jar
2023.12.16 21:34:34 INFO  Scala CLI: Downloading https://repo1.maven.org/maven2/ch/epfl/scala/com-microsoft-java-debug-core/0.34.0+20/com-microsoft-java-debug-core-0.34.0+20.jar
2023.12.16 21:34:34 INFO  Scala CLI: Downloaded https://repo1.maven.org/maven2/org/scala-lang/modules/scala-collection-compat_2.12/2.11.0/scala-collection-compat_2.12-2.11.0.jar
2023.12.16 21:34:34 INFO  Scala CLI: Downloading https://repo1.maven.org/maven2/org/ow2/asm/asm-tree/9.6/asm-tree-9.6.jar
2023.12.16 21:34:34 INFO  Scala CLI: Downloaded https://repo1.maven.org/maven2/io/github/alexarchambault/bleep/bloop-backend_2.12/1.5.11-sc-3/bloop-backend_2.12-1.5.11-sc-3.jar
2023.12.16 21:34:34 INFO  Scala CLI: Downloading https://repo1.maven.org/maven2/org/scala-sbt/util-logging_2.12/1.9.4/util-logging_2.12-1.9.4.jar
2023.12.16 21:34:34 INFO  Scala CLI: Downloaded https://repo1.maven.org/maven2/org/ow2/asm/asm-tree/9.6/asm-tree-9.6.jar
2023.12.16 21:34:34 INFO  Scala CLI: Downloading https://repo1.maven.org/maven2/commons-io/commons-io/2.13.0/commons-io-2.13.0.jar
2023.12.16 21:34:34 INFO  Scala CLI: Downloaded https://repo1.maven.org/maven2/org/scala-sbt/util-logging_2.12/1.9.4/util-logging_2.12-1.9.4.jar
2023.12.16 21:34:34 INFO  Scala CLI: Downloading https://repo1.maven.org/maven2/io/github/alexarchambault/bleep/bloop-frontend_2.12/1.5.11-sc-3/bloop-frontend_2.12-1.5.11-sc-3.jar
2023.12.16 21:34:35 INFO  Scala CLI: Downloaded https://repo1.maven.org/maven2/ch/epfl/scala/com-microsoft-java-debug-core/0.34.0+20/com-microsoft-java-debug-core-0.34.0+20.jar
2023.12.16 21:34:35 INFO  Scala CLI: Downloading https://repo1.maven.org/maven2/com/lihaoyi/sourcecode_2.12/0.3.1/sourcecode_2.12-0.3.1.jar
2023.12.16 21:34:35 INFO  Scala CLI: Downloaded https://repo1.maven.org/maven2/com/lihaoyi/sourcecode_2.12/0.3.1/sourcecode_2.12-0.3.1.jar
2023.12.16 21:34:35 INFO  Scala CLI: Downloading https://repo1.maven.org/maven2/org/zeroturnaround/zt-zip/1.16/zt-zip-1.16.jar
2023.12.16 21:34:35 INFO  Scala CLI: Downloaded https://repo1.maven.org/maven2/org/apache/logging/log4j/log4j-core/2.21.1/log4j-core-2.21.1.jar
2023.12.16 21:34:35 INFO  Scala CLI: Downloading https://repo1.maven.org/maven2/org/scala-sbt/zinc-persist_2.12/1.9.5/zinc-persist_2.12-1.9.5.jar
2023.12.16 21:34:35 INFO  Scala CLI: Downloaded https://repo1.maven.org/maven2/org/scala-sbt/librarymanagement-core_2.12/1.9.3/librarymanagement-core_2.12-1.9.3.jar
2023.12.16 21:34:35 INFO  Scala CLI: Downloading https://repo1.maven.org/maven2/org/scala-sbt/compiler-bridge_2.12/1.9.5/compiler-bridge_2.12-1.9.5.jar
2023.12.16 21:34:35 INFO  Scala CLI: Downloaded https://repo1.maven.org/maven2/org/scala-lang/modules/scala-xml_2.12/2.2.0/scala-xml_2.12-2.2.0.jar
2023.12.16 21:34:35 INFO  Scala CLI: Downloading https://repo1.maven.org/maven2/ch/epfl/scala/scala-debug-adapter_2.12/3.1.4/scala-debug-adapter_2.12-3.1.4.jar
2023.12.16 21:34:35 INFO  Scala CLI: Downloaded https://repo1.maven.org/maven2/io/github/alexarchambault/bleep/bloop-frontend_2.12/1.5.11-sc-3/bloop-frontend_2.12-1.5.11-sc-3.jar
2023.12.16 21:34:35 INFO  Scala CLI: Downloading https://repo1.maven.org/maven2/org/apache/logging/log4j/log4j-api/2.21.1/log4j-api-2.21.1.jar
2023.12.16 21:34:35 INFO  Scala CLI: Downloaded https://repo1.maven.org/maven2/org/zeroturnaround/zt-zip/1.16/zt-zip-1.16.jar
2023.12.16 21:34:35 INFO  Scala CLI: Downloading https://repo1.maven.org/maven2/org/scala-sbt/util-relation_2.12/1.9.4/util-relation_2.12-1.9.4.jar
2023.12.16 21:34:35 INFO  Scala CLI: Downloaded https://repo1.maven.org/maven2/commons-io/commons-io/2.13.0/commons-io-2.13.0.jar
2023.12.16 21:34:35 INFO  Scala CLI: Downloading https://repo1.maven.org/maven2/ch/epfl/scala/bsp4s_2.12/2.1.0-M7/bsp4s_2.12-2.1.0-M7.jar
2023.12.16 21:34:35 INFO  Scala CLI: Downloaded https://repo1.maven.org/maven2/org/scala-sbt/compiler-bridge_2.12/1.9.5/compiler-bridge_2.12-1.9.5.jar
2023.12.16 21:34:35 INFO  Scala CLI: Downloading https://repo1.maven.org/maven2/org/scala-sbt/compiler-interface/1.9.5/compiler-interface-1.9.5.jar
2023.12.16 21:34:35 INFO  Scala CLI: Downloaded https://repo1.maven.org/maven2/org/scala-sbt/util-relation_2.12/1.9.4/util-relation_2.12-1.9.4.jar
2023.12.16 21:34:35 INFO  Scala CLI: Downloading https://repo1.maven.org/maven2/org/ow2/asm/asm-util/9.6/asm-util-9.6.jar
2023.12.16 21:34:35 INFO  Scala CLI: Downloaded https://repo1.maven.org/maven2/org/apache/logging/log4j/log4j-api/2.21.1/log4j-api-2.21.1.jar
2023.12.16 21:34:35 INFO  Scala CLI: Downloading https://repo1.maven.org/maven2/org/scala-sbt/zinc-persist-core-assembly/1.9.5/zinc-persist-core-assembly-1.9.5.jar
2023.12.16 21:34:35 INFO  Scala CLI: Downloaded https://repo1.maven.org/maven2/org/scala-sbt/zinc-persist_2.12/1.9.5/zinc-persist_2.12-1.9.5.jar
2023.12.16 21:34:35 INFO  Scala CLI: Downloading https://repo1.maven.org/maven2/org/scala-sbt/zinc-compile-core_2.12/1.9.5/zinc-compile-core_2.12-1.9.5.jar
2023.12.16 21:34:35 INFO  Scala CLI: Downloaded https://repo1.maven.org/maven2/org/ow2/asm/asm-util/9.6/asm-util-9.6.jar
2023.12.16 21:34:35 INFO  Scala CLI: Downloading https://repo1.maven.org/maven2/org/scala-sbt/collections_2.12/1.9.4/collections_2.12-1.9.4.jar
2023.12.16 21:34:35 INFO  Scala CLI: Downloaded https://repo1.maven.org/maven2/org/scala-sbt/compiler-interface/1.9.5/compiler-interface-1.9.5.jar
2023.12.16 21:34:35 INFO  Scala CLI: Downloading https://repo1.maven.org/maven2/org/scala-sbt/zinc_2.12/1.9.5/zinc_2.12-1.9.5.jar
2023.12.16 21:34:35 INFO  Scala CLI: Downloaded https://repo1.maven.org/maven2/org/scala-sbt/zinc_2.12/1.9.5/zinc_2.12-1.9.5.jar
2023.12.16 21:34:35 INFO  Scala CLI: Downloading https://repo1.maven.org/maven2/io/github/alexarchambault/bleep/bloop-shared_2.12/1.5.11-sc-3/bloop-shared_2.12-1.5.11-sc-3.jar
2023.12.16 21:34:35 INFO  Scala CLI: Downloaded https://repo1.maven.org/maven2/org/scala-sbt/zinc-compile-core_2.12/1.9.5/zinc-compile-core_2.12-1.9.5.jar
2023.12.16 21:34:35 INFO  Scala CLI: Downloading https://repo1.maven.org/maven2/org/scala-sbt/zinc-classpath_2.12/1.9.5/zinc-classpath_2.12-1.9.5.jar
2023.12.16 21:34:35 INFO  Scala CLI: Downloaded https://repo1.maven.org/maven2/io/github/alexarchambault/bleep/bloop-shared_2.12/1.5.11-sc-3/bloop-shared_2.12-1.5.11-sc-3.jar
2023.12.16 21:34:35 INFO  Scala CLI: Downloading https://repo1.maven.org/maven2/org/scala-sbt/ivy/ivy/2.3.0-sbt-396a783bba347016e7fe30dacc60d355be607fe2/ivy-2.3.0-sbt-396a783bba347016e7fe30dacc60d355be607fe2.jar
2023.12.16 21:34:35 INFO  Scala CLI: Downloaded https://repo1.maven.org/maven2/org/scala-sbt/collections_2.12/1.9.4/collections_2.12-1.9.4.jar
2023.12.16 21:34:35 INFO  Scala CLI: Downloading https://repo1.maven.org/maven2/org/scala-sbt/zinc-core_2.12/1.9.5/zinc-core_2.12-1.9.5.jar
2023.12.16 21:34:35 INFO  Scala CLI: Downloaded https://repo1.maven.org/maven2/org/scala-sbt/zinc-classpath_2.12/1.9.5/zinc-classpath_2.12-1.9.5.jar
2023.12.16 21:34:35 INFO  Scala CLI: Downloading https://repo1.maven.org/maven2/org/scala-sbt/librarymanagement-ivy_2.12/1.9.3/librarymanagement-ivy_2.12-1.9.3.jar
2023.12.16 21:34:35 INFO  Scala CLI: Downloaded https://repo1.maven.org/maven2/org/scala-sbt/zinc-persist-core-assembly/1.9.5/zinc-persist-core-assembly-1.9.5.jar
2023.12.16 21:34:35 INFO  Scala CLI: Downloaded https://repo1.maven.org/maven2/ch/epfl/scala/bsp4s_2.12/2.1.0-M7/bsp4s_2.12-2.1.0-M7.jar
2023.12.16 21:34:35 INFO  Scala CLI: Downloaded https://repo1.maven.org/maven2/ch/epfl/scala/scala-debug-adapter_2.12/3.1.4/scala-debug-adapter_2.12-3.1.4.jar
2023.12.16 21:34:35 INFO  Scala CLI: Downloaded https://repo1.maven.org/maven2/org/scala-sbt/ivy/ivy/2.3.0-sbt-396a783bba347016e7fe30dacc60d355be607fe2/ivy-2.3.0-sbt-396a783bba347016e7fe30dacc60d355be607fe2.jar
2023.12.16 21:34:35 INFO  Scala CLI: Downloaded https://repo1.maven.org/maven2/org/scala-sbt/zinc-core_2.12/1.9.5/zinc-core_2.12-1.9.5.jar
2023.12.16 21:34:35 INFO  Scala CLI: Downloaded https://repo1.maven.org/maven2/org/scala-sbt/librarymanagement-ivy_2.12/1.9.3/librarymanagement-ivy_2.12-1.9.3.jar
2023.12.16 21:34:35 INFO  Scala CLI: Starting compilation server
2023.12.16 21:34:37 INFO  Connected to Scala CLI server v1.1.0
2023.12.16 21:34:38 INFO  compiling lista6_bd2c96d2de (1 scala source and 3 java sources)
2023.12.16 21:34:40 INFO  time: indexed workspace in 2.41s
2023.12.16 21:34:41 INFO  time: compiled lista6_bd2c96d2de in 3.65s
2023.12.16 21:34:59 INFO  Scala CLI started for /home/sliwek/Programowanie/sem3/PP_c/lista6
2023.12.16 21:34:59 WARN  Build server is not auto-connectable.
2023.12.16 21:34:59 WARN  no build tool detected in workspace '/home/sliwek/Programowanie/sem3/PP_c/lista6'. The most common cause for this problem is that the editor was opened in the wrong working directory, for example if you use sbt then the workspace directory should contain build.sbt. 
Dec 16, 2023 9:35:58 PM org.eclipse.lsp4j.jsonrpc.RemoteEndpoint handleCancellation
WARNING: Unmatched cancel notification for request id 76
2023.12.16 21:37:06 INFO  compiling lista6_bd2c96d2de (1 scala source)
2023.12.16 21:37:07 INFO  time: compiled lista6_bd2c96d2de in 1.02s
2023.12.16 21:38:43 INFO  compiling lista6_bd2c96d2de (1 scala source)
2023.12.16 21:38:43 INFO  time: compiled lista6_bd2c96d2de in 0.33s
2023.12.16 21:39:03 INFO  compiling lista6_bd2c96d2de (1 scala source)
2023.12.16 21:39:03 INFO  time: compiled lista6_bd2c96d2de in 0.3s
2023.12.16 21:44:03 INFO  compiling lista6_bd2c96d2de (1 scala source)
2023.12.16 21:44:03 INFO  time: compiled lista6_bd2c96d2de in 0.13s
2023.12.16 21:44:04 WARN  Could not load snapshot text for /home/sliwek/Programowanie/sem3/PP_c/lista6/zad.scala
java.util.concurrent.RejectedExecutionException: Task Future(<not completed>) rejected from java.util.concurrent.ThreadPoolExecutor@51e0ab12[Shutting down, pool size = 3, active threads = 3, queued tasks = 0, completed tasks = 12487]
	at java.base/java.util.concurrent.ThreadPoolExecutor$AbortPolicy.rejectedExecution(ThreadPoolExecutor.java:2065)
	at java.base/java.util.concurrent.ThreadPoolExecutor.reject(ThreadPoolExecutor.java:833)
	at java.base/java.util.concurrent.ThreadPoolExecutor.execute(ThreadPoolExecutor.java:1365)
	at scala.concurrent.impl.ExecutionContextImpl.execute(ExecutionContextImpl.scala:21)
	at scala.concurrent.impl.Promise$Transformation.submitWithValue(Promise.scala:429)
	at scala.concurrent.impl.Promise$DefaultPromise.submitWithValue(Promise.scala:338)
	at scala.concurrent.impl.Promise$DefaultPromise.tryComplete0(Promise.scala:285)
	at scala.concurrent.impl.Promise$Transformation.handleFailure(Promise.scala:444)
	at scala.concurrent.impl.Promise$Transformation.submitWithValue(Promise.scala:435)
	at scala.concurrent.impl.Promise$DefaultPromise.submitWithValue(Promise.scala:338)
	at scala.concurrent.impl.Promise$DefaultPromise.tryComplete0(Promise.scala:285)
	at scala.concurrent.impl.Promise$Transformation.handleFailure(Promise.scala:444)
	at scala.concurrent.impl.Promise$Transformation.run(Promise.scala:506)
	at java.base/java.util.concurrent.ThreadPoolExecutor.runWorker(ThreadPoolExecutor.java:1136)
	at java.base/java.util.concurrent.ThreadPoolExecutor$Worker.run(ThreadPoolExecutor.java:635)
	at java.base/java.lang.Thread.run(Thread.java:833)
2023.12.18 11:41:27 INFO  Started: Metals version 1.2.0 in folders '/home/sliwek/Programowanie/sem3/PP_c/lista6' for client Visual Studio Code 1.85.0.
2023.12.18 11:41:28 WARN  scala-cli >= 0.1.3 not found in PATH, fetching and starting a JVM-based Scala CLI
2023.12.18 11:41:29 INFO  Running List(/home/sliwek/.jabba/jdk/openjdk@1.17.0/bin/java, -cp, /home/sliwek/.cache/coursier/v1/https/repo1.maven.org/maven2/org/virtuslab/scala-cli/cli_3/1.1.0/cli_3-1.1.0.jar:/home/sliwek/.cache/coursier/v1/https/repo1.maven.org/maven2/com/github/alexarchambault/case-app_3/2.1.0-M26/case-app_3-2.1.0-M26.jar:/home/sliwek/.cache/coursier/v1/https/repo1.maven.org/maven2/io/get-coursier/coursier-launcher_2.13/2.1.8/coursier-launcher_2.13-2.1.8.jar:/home/sliwek/.cache/coursier/v1/https/repo1.maven.org/maven2/io/get-coursier/coursier-proxy-setup/2.1.8/coursier-proxy-setup-2.1.8.jar:/home/sliwek/.cache/coursier/v1/https/repo1.maven.org/maven2/io/get-coursier/publish/publish_2.13/0.1.6/publish_2.13-0.1.6.jar:/home/sliwek/.cache/coursier/v1/https/repo1.maven.org/maven2/com/google/jimfs/jimfs/1.3.0/jimfs-1.3.0.jar:/home/sliwek/.cache/coursier/v1/https/repo1.maven.org/maven2/io/get-coursier/jniutils/windows-jni-utils/0.3.3/windows-jni-utils-0.3.3.jar:/home/sliwek/.cache/coursier/v1/https/repo1.maven.org/maven2/com/github/plokhotnyuk/jsoniter-scala/jsoniter-scala-core_3/2.13.5.2/jsoniter-scala-core_3-2.13.5.2.jar:/home/sliwek/.cache/coursier/v1/https/repo1.maven.org/maven2/org/virtuslab/scala-cli/libsodiumjni/0.0.3/libsodiumjni-0.0.3.jar:/home/sliwek/.cache/coursier/v1/https/repo1.maven.org/maven2/com/geirsson/metaconfig-typesafe-config_3/0.12.0/metaconfig-typesafe-config_3-0.12.0.jar:/home/sliwek/.cache/coursier/v1/https/repo1.maven.org/maven2/ai/kien/python-native-libs_3/0.2.4/python-native-libs_3-0.2.4.jar:/home/sliwek/.cache/coursier/v1/https/repo1.maven.org/maven2/org/virtuslab/scala-packager_2.13/0.1.29/scala-packager_2.13-0.1.29.jar:/home/sliwek/.cache/coursier/v1/https/repo1.maven.org/maven2/org/virtuslab/scala-cli-signing/cli_3/0.2.3/cli_3-0.2.3.jar:/home/sliwek/.cache/coursier/v1/https/repo1.maven.org/maven2/org/slf4j/slf4j-nop/2.0.9/slf4j-nop-2.0.9.jar:/home/sliwek/.cache/coursier/v1/https/repo1.maven.org/maven2/com/softwaremill/sttp/client3/core_2.13/3.9.1/core_2.13-3.9.1.jar:/home/sliwek/.cache/coursier/v1/https/repo1.maven.org/maven2/org/scala-lang/scala3-library_3/3.3.1/scala3-library_3-3.3.1.jar:/home/sliwek/.cache/coursier/v1/https/repo1.maven.org/maven2/org/virtuslab/scala-cli/build-module_3/1.1.0/build-module_3-1.1.0.jar:/home/sliwek/.cache/coursier/v1/https/repo1.maven.org/maven2/org/virtuslab/scala-cli/config_3/1.1.0/config_3-1.1.0.jar:/home/sliwek/.cache/coursier/v1/https/repo1.maven.org/maven2/org/virtuslab/scala-cli/scala3-graal_3/1.1.0/scala3-graal_3-1.1.0.jar:/home/sliwek/.cache/coursier/v1/https/repo1.maven.org/maven2/org/virtuslab/scala-cli/specification-level_3/1.1.0/specification-level_3-1.1.0.jar:/home/sliwek/.cache/coursier/v1/https/repo1.maven.org/maven2/com/github/alexarchambault/case-app-annotations_3/2.1.0-M26/case-app-annotations_3-2.1.0-M26.jar:/home/sliwek/.cache/coursier/v1/https/repo1.maven.org/maven2/com/github/alexarchambault/case-app-util_3/2.1.0-M26/case-app-util_3-2.1.0-M26.jar:/home/sliwek/.cache/coursier/v1/https/repo1.maven.org/maven2/com/lihaoyi/sourcecode_3/0.3.1/sourcecode_3-0.3.1.jar:/home/sliwek/.cache/coursier/v1/https/repo1.maven.org/maven2/io/github/alexarchambault/scala-cli/tmp/zip-input-stream/0.1.1/zip-input-stream-0.1.1.jar:/home/sliwek/.cache/coursier/v1/https/repo1.maven.org/maven2/org/scala-lang/scala-library/2.13.12/scala-library-2.13.12.jar:/home/sliwek/.cache/coursier/v1/https/repo1.maven.org/maven2/io/get-coursier/coursier-cache_2.13/2.1.8/coursier-cache_2.13-2.1.8.jar:/home/sliwek/.cache/coursier/v1/https/repo1.maven.org/maven2/io/get-coursier/coursier-core_2.13/2.1.8/coursier-core_2.13-2.1.8.jar:/home/sliwek/.cache/coursier/v1/https/repo1.maven.org/maven2/com/google/guava/guava/32.1.3-jre/guava-32.1.3-jre.jar:/home/sliwek/.cache/coursier/v1/https/repo1.maven.org/maven2/net/java/dev/jna/jna/5.12.1/jna-5.12.1.jar:/home/sliwek/.cache/coursier/v1/https/repo1.maven.org/maven2/net/java/dev/jna/jna-platform/5.12.1/jna-platform-5.12.1.jar:/home/sliwek/.cache/coursier/v1/https/repo1.maven.org/maven2/com/geirsson/metaconfig-core_3/0.12.0/metaconfig-core_3-0.12.0.jar:/home/sliwek/.cache/coursier/v1/https/repo1.maven.org/maven2/com/typesafe/config/1.4.1/config-1.4.1.jar:/home/sliwek/.cache/coursier/v1/https/repo1.maven.org/maven2/org/scala-lang/modules/scala-collection-compat_3/2.11.0/scala-collection-compat_3-2.11.0.jar:/home/sliwek/.cache/coursier/v1/https/repo1.maven.org/maven2/commons-io/commons-io/2.15.0/commons-io-2.15.0.jar:/home/sliwek/.cache/coursier/v1/https/repo1.maven.org/maven2/com/google/cloud/tools/jib-core/0.22.0/jib-core-0.22.0.jar:/home/sliwek/.cache/coursier/v1/https/repo1.maven.org/maven2/org/bouncycastle/bcpg-jdk18on/1.76/bcpg-jdk18on-1.76.jar:/home/sliwek/.cache/coursier/v1/https/repo1.maven.org/maven2/org/virtuslab/scala-cli-signing/shared_3/0.2.3/shared_3-0.2.3.jar:/home/sliwek/.cache/coursier/v1/https/repo1.maven.org/maven2/org/slf4j/slf4j-api/2.0.9/slf4j-api-2.0.9.jar:/home/sliwek/.cache/coursier/v1/https/repo1.maven.org/maven2/com/softwaremill/sttp/model/core_2.13/1.6.0/core_2.13-1.6.0.jar:/home/sliwek/.cache/coursier/v1/https/repo1.maven.org/maven2/com/softwaremill/sttp/shared/core_2.13/1.3.16/core_2.13-1.3.16.jar:/home/sliwek/.cache/coursier/v1/https/repo1.maven.org/maven2/com/softwaremill/sttp/shared/ws_2.13/1.3.16/ws_2.13-1.3.16.jar:/home/sliwek/.cache/coursier/v1/https/repo1.maven.org/maven2/org/ow2/asm/asm/9.6/asm-9.6.jar:/home/sliwek/.cache/coursier/v1/https/repo1.maven.org/maven2/org/virtuslab/scala-cli/java-class-name/java-class-name_3/0.1.3/java-class-name_3-0.1.3.jar:/home/sliwek/.cache/coursier/v1/https/repo1.maven.org/maven2/org/scalameta/trees_2.13/4.8.14/trees_2.13-4.8.14.jar:/home/sliwek/.cache/coursier/v1/https/repo1.maven.org/maven2/org/scala-native/test-runner_3/0.4.16/test-runner_3-0.4.16.jar:/home/sliwek/.cache/coursier/v1/https/repo1.maven.org/maven2/com/lihaoyi/os-lib_3/0.9.2/os-lib_3-0.9.2.jar:/home/sliwek/.cache/coursier/v1/https/repo1.maven.org/maven2/com/lihaoyi/pprint_3/0.8.1/pprint_3-0.8.1.jar:/home/sliwek/.cache/coursier/v1/https/repo1.maven.org/maven2/org/scala-js/scalajs-env-nodejs_2.13/1.4.0/scalajs-env-nodejs_2.13-1.4.0.jar:/home/sliwek/.cache/coursier/v1/https/repo1.maven.org/maven2/org/scala-js/scalajs-sbt-test-adapter_2.13/1.14.0/scalajs-sbt-test-adapter_2.13-1.14.0.jar:/home/sliwek/.cache/coursier/v1/https/repo1.maven.org/maven2/com/swoval/file-tree-views/2.1.12/file-tree-views-2.1.12.jar:/home/sliwek/.cache/coursier/v1/https/repo1.maven.org/maven2/org/virtuslab/scala-cli/zip-input-stream/zip-input-stream/0.1.2/zip-input-stream-0.1.2.jar:/home/sliwek/.cache/coursier/v1/https/repo1.maven.org/maven2/org/virtuslab/scala-cli/options_3/1.1.0/options_3-1.1.0.jar:/home/sliwek/.cache/coursier/v1/https/repo1.maven.org/maven2/org/virtuslab/scala-cli/directives_3/1.1.0/directives_3-1.1.0.jar:/home/sliwek/.cache/coursier/v1/https/repo1.maven.org/maven2/org/virtuslab/scala-cli/scala-cli-bsp/1.1.0/scala-cli-bsp-1.1.0.jar:/home/sliwek/.cache/coursier/v1/https/repo1.maven.org/maven2/org/virtuslab/scala-cli/test-runner_3/1.1.0/test-runner_3-1.1.0.jar:/home/sliwek/.cache/coursier/v1/https/repo1.maven.org/maven2/org/virtuslab/scala-cli/tasty-lib_3/1.1.0/tasty-lib_3-1.1.0.jar:/home/sliwek/.cache/coursier/v1/https/repo1.maven.org/maven2/org/codehaus/plexus/plexus-archiver/4.9.0/plexus-archiver-4.9.0.jar:/home/sliwek/.cache/coursier/v1/https/repo1.maven.org/maven2/org/codehaus/plexus/plexus-container-default/2.1.1/plexus-container-default-2.1.1.jar:/home/sliwek/.cache/coursier/v1/https/repo1.maven.org/maven2/io/github/alexarchambault/windows-ansi/windows-ansi/0.0.5/windows-ansi-0.0.5.jar:/home/sliwek/.cache/coursier/v1/https/repo1.maven.org/maven2/io/get-coursier/coursier-util_2.13/2.1.8/coursier-util_2.13-2.1.8.jar:/home/sliwek/.cache/coursier/v1/https/repo1.maven.org/maven2/io/github/alexarchambault/concurrent-reference-hash-map/1.1.0/concurrent-reference-hash-map-1.1.0.jar:/home/sliwek/.cache/coursier/v1/https/repo1.maven.org/maven2/org/scala-lang/modules/scala-xml_2.13/2.2.0/scala-xml_2.13-2.2.0.jar:/home/sliwek/.cache/coursier/v1/https/repo1.maven.org/maven2/com/google/guava/failureaccess/1.0.1/failureaccess-1.0.1.jar:/home/sliwek/.cache/coursier/v1/https/repo1.maven.org/maven2/com/google/guava/listenablefuture/9999.0-empty-to-avoid-conflict-with-guava/listenablefuture-9999.0-empty-to-avoid-conflict-with-guava.jar:/home/sliwek/.cache/coursier/v1/https/repo1.maven.org/maven2/com/google/code/findbugs/jsr305/3.0.2/jsr305-3.0.2.jar:/home/sliwek/.cache/coursier/v1/https/repo1.maven.org/maven2/org/checkerframework/checker-qual/3.37.0/checker-qual-3.37.0.jar:/home/sliwek/.cache/coursier/v1/https/repo1.maven.org/maven2/com/google/errorprone/error_prone_annotations/2.21.1/error_prone_annotations-2.21.1.jar:/home/sliwek/.cache/coursier/v1/https/repo1.maven.org/maven2/com/google/j2objc/j2objc-annotations/2.8/j2objc-annotations-2.8.jar:/home/sliwek/.cache/coursier/v1/https/repo1.maven.org/maven2/com/geirsson/metaconfig-pprint_3/0.12.0/metaconfig-pprint_3-0.12.0.jar:/home/sliwek/.cache/coursier/v1/https/repo1.maven.org/maven2/org/typelevel/paiges-core_3/0.4.3/paiges-core_3-0.4.3.jar:/home/sliwek/.cache/coursier/v1/https/repo1.maven.org/maven2/org/scala-lang/scala-reflect/2.13.8/scala-reflect-2.13.8.jar:/home/sliwek/.cache/coursier/v1/https/repo1.maven.org/maven2/com/google/cloud/tools/jib-build-plan/0.4.0/jib-build-plan-0.4.0.jar:/home/sliwek/.cache/coursier/v1/https/repo1.maven.org/maven2/com/google/http-client/google-http-client/1.34.0/google-http-client-1.34.0.jar:/home/sliwek/.cache/coursier/v1/https/repo1.maven.org/maven2/com/google/http-client/google-http-client-apache-v2/1.34.0/google-http-client-apache-v2-1.34.0.jar:/home/sliwek/.cache/coursier/v1/https/repo1.maven.org/maven2/com/google/auth/google-auth-library-oauth2-http/0.18.0/google-auth-library-oauth2-http-0.18.0.jar:/home/sliwek/.cache/coursier/v1/https/repo1.maven.org/maven2/org/apache/commons/commons-compress/1.24.0/commons-compress-1.24.0.jar:/home/sliwek/.cache/coursier/v1/https/repo1.maven.org/maven2/com/fasterxml/jackson/core/jackson-databind/2.13.3/jackson-databind-2.13.3.jar:/home/sliwek/.cache/coursier/v1/https/repo1.maven.org/maven2/com/fasterxml/jackson/datatype/jackson-datatype-jsr310/2.13.3/jackson-datatype-jsr310-2.13.3.jar:/home/sliwek/.cache/coursier/v1/https/repo1.maven.org/maven2/org/bouncycastle/bcprov-jdk18on/1.76/bcprov-jdk18on-1.76.jar:/home/sliwek/.cache/coursier/v1/https/repo1.maven.org/maven2/org/scala-lang/scala3-compiler_3/3.3.1/scala3-compiler_3-3.3.1.jar:/home/sliwek/.cache/coursier/v1/https/repo1.maven.org/maven2/org/scalameta/common_2.13/4.8.14/common_2.13-4.8.14.jar:/home/sliwek/.cache/coursier/v1/https/repo1.maven.org/maven2/org/scala-native/tools_3/0.4.16/tools_3-0.4.16.jar:/home/sliwek/.cache/coursier/v1/https/repo1.maven.org/maven2/org/scala-sbt/test-interface/1.0/test-interface-1.0.jar:/home/sliwek/.cache/coursier/v1/https/repo1.maven.org/maven2/com/novocode/junit-interface/0.11/junit-interface-0.11.jar:/home/sliwek/.cache/coursier/v1/https/repo1.maven.org/maven2/junit/junit/4.13.2/junit-4.13.2.jar:/home/sliwek/.cache/coursier/v1/https/repo1.maven.org/maven2/com/lihaoyi/geny_3/1.0.0/geny_3-1.0.0.jar:/home/sliwek/.cache/coursier/v1/https/repo1.maven.org/maven2/com/lihaoyi/fansi_3/0.4.0/fansi_3-0.4.0.jar:/home/sliwek/.cache/coursier/v1/https/repo1.maven.org/maven2/org/scala-js/scalajs-js-envs_2.13/1.4.0/scalajs-js-envs_2.13-1.4.0.jar:/home/sliwek/.cache/coursier/v1/https/repo1.maven.org/maven2/ch/epfl/scala/bloop-config_2.13/1.5.5/bloop-config_2.13-1.5.5.jar:/home/sliwek/.cache/coursier/v1/https/repo1.maven.org/maven2/org/virtuslab/scala-cli/core_3/1.1.0/core_3-1.1.0.jar:/home/sliwek/.cache/coursier/v1/https/repo1.maven.org/maven2/org/virtuslab/using_directives/1.1.0/using_directives-1.1.0.jar:/home/sliwek/.cache/coursier/v1/https/repo1.maven.org/maven2/org/virtuslab/scala-cli/build-macros_3/1.1.0/build-macros_3-1.1.0.jar:/home/sliwek/.cache/coursier/v1/https/repo1.maven.org/maven2/ch/epfl/scala/bsp4j/2.1.0-M7/bsp4j-2.1.0-M7.jar:/home/sliwek/.cache/coursier/v1/https/repo1.maven.org/maven2/javax/inject/javax.inject/1/javax.inject-1.jar:/home/sliwek/.cache/coursier/v1/https/repo1.maven.org/maven2/org/codehaus/plexus/plexus-utils/4.0.0/plexus-utils-4.0.0.jar:/home/sliwek/.cache/coursier/v1/https/repo1.maven.org/maven2/org/codehaus/plexus/plexus-io/3.4.1/plexus-io-3.4.1.jar:/home/sliwek/.cache/coursier/v1/https/repo1.maven.org/maven2/org/iq80/snappy/snappy/0.4/snappy-0.4.jar:/home/sliwek/.cache/coursier/v1/https/repo1.maven.org/maven2/org/tukaani/xz/1.9/xz-1.9.jar:/home/sliwek/.cache/coursier/v1/https/repo1.maven.org/maven2/com/github/luben/zstd-jni/1.5.5-10/zstd-jni-1.5.5-10.jar:/home/sliwek/.cache/coursier/v1/https/repo1.maven.org/maven2/org/codehaus/plexus/plexus-classworlds/2.6.0/plexus-classworlds-2.6.0.jar:/home/sliwek/.cache/coursier/v1/https/repo1.maven.org/maven2/org/apache/xbean/xbean-reflect/3.7/xbean-reflect-3.7.jar:/home/sliwek/.cache/coursier/v1/https/repo1.maven.org/maven2/org/fusesource/jansi/jansi/1.18/jansi-1.18.jar:/home/sliwek/.cache/coursier/v1/https/repo1.maven.org/maven2/org/apache/httpcomponents/httpclient/4.5.10/httpclient-4.5.10.jar:/home/sliwek/.cache/coursier/v1/https/repo1.maven.org/maven2/org/apache/httpcomponents/httpcore/4.4.12/httpcore-4.4.12.jar:/home/sliwek/.cache/coursier/v1/https/repo1.maven.org/maven2/io/opencensus/opencensus-api/0.24.0/opencensus-api-0.24.0.jar:/home/sliwek/.cache/coursier/v1/https/repo1.maven.org/maven2/io/opencensus/opencensus-contrib-http-util/0.24.0/opencensus-contrib-http-util-0.24.0.jar:/home/sliwek/.cache/coursier/v1/https/repo1.maven.org/maven2/com/google/auto/value/auto-value-annotations/1.6.6/auto-value-annotations-1.6.6.jar:/home/sliwek/.cache/coursier/v1/https/repo1.maven.org/maven2/com/google/auth/google-auth-library-credentials/0.18.0/google-auth-library-credentials-0.18.0.jar:/home/sliwek/.cache/coursier/v1/https/repo1.maven.org/maven2/com/google/http-client/google-http-client-jackson2/1.32.1/google-http-client-jackson2-1.32.1.jar:/home/sliwek/.cache/coursier/v1/https/repo1.maven.org/maven2/com/fasterxml/jackson/core/jackson-annotations/2.13.3/jackson-annotations-2.13.3.jar:/home/sliwek/.cache/coursier/v1/https/repo1.maven.org/maven2/com/fasterxml/jackson/core/jackson-core/2.13.3/jackson-core-2.13.3.jar:/home/sliwek/.cache/coursier/v1/https/repo1.maven.org/maven2/org/scala-lang/scala3-interfaces/3.3.1/scala3-interfaces-3.3.1.jar:/home/sliwek/.cache/coursier/v1/https/repo1.maven.org/maven2/org/scala-lang/tasty-core_3/3.3.1/tasty-core_3-3.3.1.jar:/home/sliwek/.cache/coursier/v1/https/repo1.maven.org/maven2/org/scala-lang/modules/scala-asm/9.5.0-scala-1/scala-asm-9.5.0-scala-1.jar:/home/sliwek/.cache/coursier/v1/https/repo1.maven.org/maven2/org/scala-sbt/compiler-interface/1.3.5/compiler-interface-1.3.5.jar:/home/sliwek/.cache/coursier/v1/https/repo1.maven.org/maven2/org/jline/jline-reader/3.19.0/jline-reader-3.19.0.jar:/home/sliwek/.cache/coursier/v1/https/repo1.maven.org/maven2/org/jline/jline-terminal/3.19.0/jline-terminal-3.19.0.jar:/home/sliwek/.cache/coursier/v1/https/repo1.maven.org/maven2/org/jline/jline-terminal-jna/3.19.0/jline-terminal-jna-3.19.0.jar:/home/sliwek/.cache/coursier/v1/https/repo1.maven.org/maven2/com/thesamet/scalapb/scalapb-runtime_2.13/0.11.13/scalapb-runtime_2.13-0.11.13.jar:/home/sliwek/.cache/coursier/v1/https/repo1.maven.org/maven2/org/scala-native/nir_3/0.4.16/nir_3-0.4.16.jar:/home/sliwek/.cache/coursier/v1/https/repo1.maven.org/maven2/org/scala-native/util_3/0.4.16/util_3-0.4.16.jar:/home/sliwek/.cache/coursier/v1/https/repo1.maven.org/maven2/org/scala-lang/modules/scala-parallel-collections_3/1.0.3/scala-parallel-collections_3-1.0.3.jar:/home/sliwek/.cache/coursier/v1/https/repo1.maven.org/maven2/org/hamcrest/hamcrest-core/1.3/hamcrest-core-1.3.jar:/home/sliwek/.cache/coursier/v1/https/repo1.maven.org/maven2/org/scala-js/scalajs-logging_2.13/1.1.1/scalajs-logging_2.13-1.1.1.jar:/home/sliwek/.cache/coursier/v1/https/repo1.maven.org/maven2/io/github/alexarchambault/bleep/bloop-rifle_2.13/1.5.11-sc-3/bloop-rifle_2.13-1.5.11-sc-3.jar:/home/sliwek/.cache/coursier/v1/https/repo1.maven.org/maven2/io/get-coursier/coursier-jvm_2.13/2.1.8/coursier-jvm_2.13-2.1.8.jar:/home/sliwek/.cache/coursier/v1/https/repo1.maven.org/maven2/io/get-coursier/dependency_3/0.2.3/dependency_3-0.2.3.jar:/home/sliwek/.cache/coursier/v1/https/repo1.maven.org/maven2/org/eclipse/jgit/org.eclipse.jgit/6.7.0.202309050840-r/org.eclipse.jgit-6.7.0.202309050840-r.jar:/home/sliwek/.cache/coursier/v1/https/repo1.maven.org/maven2/org/scala-js/scalajs-env-jsdom-nodejs_2.13/1.1.0/scalajs-env-jsdom-nodejs_2.13-1.1.0.jar:/home/sliwek/.cache/coursier/v1/https/repo1.maven.org/maven2/org/eclipse/lsp4j/org.eclipse.lsp4j.generator/0.20.1/org.eclipse.lsp4j.generator-0.20.1.jar:/home/sliwek/.cache/coursier/v1/https/repo1.maven.org/maven2/org/eclipse/lsp4j/org.eclipse.lsp4j.jsonrpc/0.20.1/org.eclipse.lsp4j.jsonrpc-0.20.1.jar:/home/sliwek/.cache/coursier/v1/https/repo1.maven.org/maven2/commons-logging/commons-logging/1.2/commons-logging-1.2.jar:/home/sliwek/.cache/coursier/v1/https/repo1.maven.org/maven2/commons-codec/commons-codec/1.16.0/commons-codec-1.16.0.jar:/home/sliwek/.cache/coursier/v1/https/repo1.maven.org/maven2/io/grpc/grpc-context/1.22.1/grpc-context-1.22.1.jar:/home/sliwek/.cache/coursier/v1/https/repo1.maven.org/maven2/com/google/protobuf/protobuf-java/3.19.6/protobuf-java-3.19.6.jar:/home/sliwek/.cache/coursier/v1/https/repo1.maven.org/maven2/org/scala-sbt/util-interface/1.3.0/util-interface-1.3.0.jar:/home/sliwek/.cache/coursier/v1/https/repo1.maven.org/maven2/com/thesamet/scalapb/lenses_2.13/0.11.13/lenses_2.13-0.11.13.jar:/home/sliwek/.cache/coursier/v1/https/repo1.maven.org/maven2/io/github/alexarchambault/libdaemon/libdaemon_2.13/0.0.11/libdaemon_2.13-0.0.11.jar:/home/sliwek/.cache/coursier/v1/https/repo1.maven.org/maven2/io/github/alexarchambault/scala-cli/snailgun/snailgun-core_2.13/0.4.1-sc2/snailgun-core_2.13-0.4.1-sc2.jar:/home/sliwek/.cache/coursier/v1/https/repo1.maven.org/maven2/com/github/alexarchambault/argonaut-shapeless_6.3_2.13/1.3.1/argonaut-shapeless_6.3_2.13-1.3.1.jar:/home/sliwek/.cache/coursier/v1/https/repo1.maven.org/maven2/io/get-coursier/coursier_2.13/2.1.8/coursier_2.13-2.1.8.jar:/home/sliwek/.cache/coursier/v1/https/repo1.maven.org/maven2/io/get-coursier/coursier-env_2.13/2.1.8/coursier-env_2.13-2.1.8.jar:/home/sliwek/.cache/coursier/v1/https/repo1.maven.org/maven2/com/googlecode/javaewah/JavaEWAH/1.2.3/JavaEWAH-1.2.3.jar:/home/sliwek/.cache/coursier/v1/https/repo1.maven.org/maven2/org/eclipse/xtend/org.eclipse.xtend.lib/2.28.0/org.eclipse.xtend.lib-2.28.0.jar:/home/sliwek/.cache/coursier/v1/https/repo1.maven.org/maven2/com/google/code/gson/gson/2.10.1/gson-2.10.1.jar:/home/sliwek/.cache/coursier/v1/https/repo1.maven.org/maven2/io/argonaut/argonaut_2.13/6.3.8/argonaut_2.13-6.3.8.jar:/home/sliwek/.cache/coursier/v1/https/repo1.maven.org/maven2/com/chuusai/shapeless_2.13/2.3.9/shapeless_2.13-2.3.9.jar:/home/sliwek/.cache/coursier/v1/https/repo1.maven.org/maven2/org/eclipse/xtext/org.eclipse.xtext.xbase.lib/2.28.0/org.eclipse.xtext.xbase.lib-2.28.0.jar:/home/sliwek/.cache/coursier/v1/https/repo1.maven.org/maven2/org/eclipse/xtend/org.eclipse.xtend.lib.macro/2.28.0/org.eclipse.xtend.lib.macro-2.28.0.jar, scala.cli.ScalaCli, bsp, /home/sliwek/Programowanie/sem3/PP_c/lista6)
2023.12.18 11:41:29 INFO  tracing is disabled for protocol BSP, to enable tracing of incoming and outgoing JSON messages create an empty file at /home/sliwek/Programowanie/sem3/PP_c/lista6/.metals/bsp.trace.json or /home/sliwek/.cache/metals/bsp.trace.json
2023.12.18 11:41:31 INFO  Scala CLI: Starting compilation server
2023.12.18 11:41:33 INFO  Connected to Scala CLI server v1.1.0
2023.12.18 11:41:35 INFO  time: indexed workspace in 2.18s
2023.12.18 11:41:35 INFO  Scala CLI started for /home/sliwek/Programowanie/sem3/PP_c/lista6
2023.12.18 11:41:35 WARN  Build server is not auto-connectable.
2023.12.18 11:41:35 WARN  no build tool detected in workspace '/home/sliwek/Programowanie/sem3/PP_c/lista6'. The most common cause for this problem is that the editor was opened in the wrong working directory, for example if you use sbt then the workspace directory should contain build.sbt. 
2023.12.18 11:42:25 INFO  Shutting down server
2023.12.18 11:42:25 INFO  shutting down Metals
2023.12.18 11:42:25 INFO  Shut down connection with build server.
2023.12.18 11:42:25 INFO  Exiting server
