2023.12.18 17:13:43 INFO  Started: Metals version 1.2.0 in folders '/home/sliwek/Programowanie/sem3/PP_c' for client Visual Studio Code 1.85.0.
2023.12.18 17:13:45 WARN  Build server is not auto-connectable.
2023.12.18 17:13:45 WARN  no build tool detected in workspace '/home/sliwek/Programowanie/sem3/PP_c'. The most common cause for this problem is that the editor was opened in the wrong working directory, for example if you use sbt then the workspace directory should contain build.sbt. 
2023.12.18 17:13:45 WARN  no build target for: /home/sliwek/Programowanie/sem3/PP_c/lista6/Porownanie.java
2023.12.18 17:13:49 INFO  no build target found for /home/sliwek/Programowanie/sem3/PP_c/lista6/Porownanie.java. Using presentation compiler with project's scala-library version: 3.3.1
2023.12.18 17:13:49 WARN  no build target for: /home/sliwek/Programowanie/sem3/PP_c/lista6/IsEqual.java
2023.12.18 17:13:49 WARN  no build target for: /home/sliwek/Programowanie/sem3/PP_c/lista6/zad.scala
2023.12.18 17:13:51 WARN  no build target for: /home/sliwek/Programowanie/sem3/PP_c/lista6/Porownanie.java
2023.12.18 17:17:01 WARN  no build target for: /home/sliwek/Programowanie/sem3/PP_c/lista6/Porownanie.java
2023.12.18 17:17:02 WARN  no build target for: /home/sliwek/Programowanie/sem3/PP_c/lista6/zad.scala
2023.12.18 17:17:08 WARN  no build target for: /home/sliwek/Programowanie/sem3/PP_c/lista8/MyQueueImplem.java
Dec 18, 2023 5:17:09 PM scala.meta.internal.pc.CompilerAccess handleError
SEVERE: A severe compiler error occurred, full details of the error can be found in the error report /home/sliwek/Programowanie/sem3/PP_c/.metals/.reports/metals-full/2023-12-18/r_compiler-error_17-17-09-415.md
Dec 18, 2023 5:17:09 PM scala.meta.internal.pc.CompilerAccess handleError
SEVERE: A severe compiler error occurred, full details of the error can be found in the error report /home/sliwek/Programowanie/sem3/PP_c/.metals/.reports/metals-full/2023-12-18/r_compiler-error_17-17-09-865.md
Dec 18, 2023 5:17:11 PM scala.meta.internal.pc.CompilerAccess handleError
SEVERE: A severe compiler error occurred, full details of the error can be found in the error report /home/sliwek/Programowanie/sem3/PP_c/.metals/.reports/metals-full/2023-12-18/r_compiler-error_17-17-11-203.md
2023.12.18 17:17:11 WARN  no build target for: /home/sliwek/Programowanie/sem3/PP_c/lista8/MyQueue.java
2023.12.18 17:18:04 WARN  no build target for: /home/sliwek/Programowanie/sem3/PP_c/lista6/zad.scala
2023.12.18 17:18:17 WARN  no build target for: /home/sliwek/Programowanie/sem3/PP_c/lista6/zad.scala
2023.12.18 17:20:29 WARN  no build target for: /home/sliwek/Programowanie/sem3/PP_c/lista6/zad.scala
2023.12.18 17:20:54 WARN  no build target for: /home/sliwek/Programowanie/sem3/PP_c/lista6/IsEqual.java
2023.12.18 17:24:27 WARN  no build target for: /home/sliwek/Programowanie/sem3/PP_c/lista8/MyQueue.java
Dec 18, 2023 5:24:32 PM scala.meta.internal.pc.CompilerAccess handleError
SEVERE: A severe compiler error occurred, full details of the error can be found in the error report /home/sliwek/Programowanie/sem3/PP_c/.metals/.reports/metals-full/2023-12-18/r_compiler-error_17-24-32-466.md
Dec 18, 2023 5:24:33 PM scala.meta.internal.pc.CompilerAccess handleError
SEVERE: A severe compiler error occurred, full details of the error can be found in the error report /home/sliwek/Programowanie/sem3/PP_c/.metals/.reports/metals-full/2023-12-18/r_compiler-error_17-24-33-117.md
Dec 18, 2023 5:24:34 PM scala.meta.internal.pc.CompilerAccess handleError
SEVERE: A severe compiler error occurred, full details of the error can be found in the error report /home/sliwek/Programowanie/sem3/PP_c/.metals/.reports/metals-full/2023-12-18/r_compiler-error_17-24-34-972.md
Dec 18, 2023 5:24:35 PM scala.meta.internal.pc.CompilerAccess handleError
SEVERE: A severe compiler error occurred, full details of the error can be found in the error report /home/sliwek/Programowanie/sem3/PP_c/.metals/.reports/metals-full/2023-12-18/r_compiler-error_17-24-35-357.md
2023.12.18 17:24:51 WARN  no build target for: /home/sliwek/Programowanie/sem3/PP_c/lista8/MyQueue.java
2023.12.18 17:24:58 WARN  no build target for: /home/sliwek/Programowanie/sem3/PP_c/lista8/MyQueueImplem.java
Dec 18, 2023 5:24:59 PM scala.meta.internal.pc.CompilerAccess handleError
SEVERE: A severe compiler error occurred, full details of the error can be found in the error report /home/sliwek/Programowanie/sem3/PP_c/.metals/.reports/metals-full/2023-12-18/r_compiler-error_17-24-59-434.md
Dec 18, 2023 5:26:10 PM scala.meta.internal.pc.CompilerAccess handleError
SEVERE: A severe compiler error occurred, full details of the error can be found in the error report /home/sliwek/Programowanie/sem3/PP_c/.metals/.reports/metals-full/2023-12-18/r_compiler-error_17-26-10-008.md
Dec 18, 2023 5:26:32 PM scala.meta.internal.pc.CompilerAccess handleError
SEVERE: A severe compiler error occurred, full details of the error can be found in the error report /home/sliwek/Programowanie/sem3/PP_c/.metals/.reports/metals-full/2023-12-18/r_compiler-error_17-26-32-387.md
Dec 18, 2023 5:26:53 PM scala.meta.internal.pc.CompilerAccess handleError
SEVERE: A severe compiler error occurred, full details of the error can be found in the error report /home/sliwek/Programowanie/sem3/PP_c/.metals/.reports/metals-full/2023-12-18/r_compiler-error_17-26-53-794.md
Dec 18, 2023 5:26:54 PM scala.meta.internal.pc.CompilerAccess handleError
SEVERE: A severe compiler error occurred, full details of the error can be found in the error report /home/sliwek/Programowanie/sem3/PP_c/.metals/.reports/metals-full/2023-12-18/r_compiler-error_17-26-54-264.md
Dec 18, 2023 5:26:54 PM scala.meta.internal.pc.CompilerAccess handleError
SEVERE: A severe compiler error occurred, full details of the error can be found in the error report /home/sliwek/Programowanie/sem3/PP_c/.metals/.reports/metals-full/2023-12-18/r_compiler-error_17-26-54-453.md
Dec 18, 2023 5:26:55 PM scala.meta.internal.pc.CompilerAccess handleError
SEVERE: A severe compiler error occurred, full details of the error can be found in the error report /home/sliwek/Programowanie/sem3/PP_c/.metals/.reports/metals-full/2023-12-18/r_compiler-error_17-26-55-475.md
Dec 18, 2023 5:26:55 PM scala.meta.internal.pc.CompilerAccess handleError
SEVERE: A severe compiler error occurred, full details of the error can be found in the error report /home/sliwek/Programowanie/sem3/PP_c/.metals/.reports/metals-full/2023-12-18/r_compiler-error_17-26-55-913.md
2023.12.18 17:27:30 WARN  no build target for: /home/sliwek/Programowanie/sem3/PP_c/lista8/MyQueueImplem.java
Dec 18, 2023 5:27:56 PM scala.meta.internal.pc.CompilerAccess handleError
SEVERE: A severe compiler error occurred, full details of the error can be found in the error report /home/sliwek/Programowanie/sem3/PP_c/.metals/.reports/metals-full/2023-12-18/r_compiler-error_17-27-56-975.md
2023.12.18 17:29:47 INFO  Shutting down server
2023.12.18 17:29:47 INFO  shutting down Metals
2023.12.18 17:29:47 INFO  Exiting server
2023.12.18 19:11:42 INFO  Started: Metals version 1.2.0 in folders '/home/sliwek/Programowanie/sem3/PP_c' for client Visual Studio Code 1.85.0.
2023.12.18 19:11:42 WARN  Build server is not auto-connectable.
2023.12.18 19:11:42 WARN  no build tool detected in workspace '/home/sliwek/Programowanie/sem3/PP_c'. The most common cause for this problem is that the editor was opened in the wrong working directory, for example if you use sbt then the workspace directory should contain build.sbt. 
2023.12.18 19:11:42 WARN  no build target for: /home/sliwek/Programowanie/sem3/PP_c/lista6/zad.scala
2023.12.18 19:11:42 WARN  no build target for: /home/sliwek/Programowanie/sem3/PP_c/lista8/MyQueue.java
2023.12.18 19:11:45 INFO  no build target found for /home/sliwek/Programowanie/sem3/PP_c/lista6/zad.scala. Using presentation compiler with project's scala-library version: 3.3.1
2023.12.18 19:13:04 WARN  no build target for: /home/sliwek/Programowanie/sem3/PP_c/lista6/Porownanie.java
2023.12.18 19:13:07 WARN  no build target for: /home/sliwek/Programowanie/sem3/PP_c/lista6/IsEqual.java
2023.12.18 19:14:48 WARN  no build target for: /home/sliwek/Programowanie/sem3/PP_c/lista6/zad.scala
2023.12.18 19:14:56 WARN  no build target for: /home/sliwek/Programowanie/sem3/PP_c/lista6/zad.scala
2023.12.18 19:15:00 WARN  no build target for: /home/sliwek/Programowanie/sem3/PP_c/lista6/zad.scala
2023.12.18 19:15:13 WARN  no build target for: /home/sliwek/Programowanie/sem3/PP_c/lista6/Porownanie.java
Dec 18, 2023 7:15:14 PM scala.meta.internal.pc.CompilerAccess handleError
SEVERE: A severe compiler error occurred, full details of the error can be found in the error report /home/sliwek/Programowanie/sem3/PP_c/.metals/.reports/metals-full/2023-12-18/r_compiler-error_19-15-14-536.md
2023.12.18 19:15:15 WARN  no build target for: /home/sliwek/Programowanie/sem3/PP_c/lista8/MyQueueImplem.java
Dec 18, 2023 7:15:17 PM scala.meta.internal.pc.CompilerAccess handleError
SEVERE: A severe compiler error occurred, full details of the error can be found in the error report /home/sliwek/Programowanie/sem3/PP_c/.metals/.reports/metals-full/2023-12-18/r_compiler-error_19-15-17-786.md
2023.12.18 19:15:24 WARN  no build target for: /home/sliwek/Programowanie/sem3/PP_c/lista6/Porownanie.java
2023.12.18 19:15:35 WARN  no build target for: /home/sliwek/Programowanie/sem3/PP_c/lista6/Porownanie.java
2023.12.18 19:16:04 WARN  no build target for: /home/sliwek/Programowanie/sem3/PP_c/lista6/Porownanie.java
2023.12.18 19:20:13 WARN  no build target for: /home/sliwek/Programowanie/sem3/PP_c/lista8/MyQueue.java
Dec 18, 2023 7:20:14 PM scala.meta.internal.pc.CompilerAccess handleError
SEVERE: A severe compiler error occurred, full details of the error can be found in the error report /home/sliwek/Programowanie/sem3/PP_c/.metals/.reports/metals-full/2023-12-18/r_compiler-error_19-20-14-307.md
2023.12.18 19:20:15 WARN  no build target for: /home/sliwek/Programowanie/sem3/PP_c/lista8/MyQueueImplem.java
Dec 18, 2023 7:20:34 PM scala.meta.internal.pc.CompilerAccess handleError
SEVERE: A severe compiler error occurred, full details of the error can be found in the error report /home/sliwek/Programowanie/sem3/PP_c/.metals/.reports/metals-full/2023-12-18/r_compiler-error_19-20-34-498.md
Dec 18, 2023 7:20:35 PM scala.meta.internal.pc.CompilerAccess handleError
SEVERE: A severe compiler error occurred, full details of the error can be found in the error report /home/sliwek/Programowanie/sem3/PP_c/.metals/.reports/metals-full/2023-12-18/r_compiler-error_19-20-35-535.md
2023.12.18 19:22:45 WARN  no build target for: /home/sliwek/Programowanie/sem3/PP_c/lista6/zad.scala
2023.12.18 19:39:40 WARN  no build target for: /home/sliwek/Programowanie/sem3/PP_c/lista8/MyQueue.java
2023.12.18 19:39:57 INFO  Shutting down server
2023.12.18 19:39:57 INFO  shutting down Metals
2023.12.18 19:39:57 INFO  Exiting server
